<?xml version="1.0" encoding="utf-8"?><testsuites name="pytest tests"><testsuite name="pytest" errors="6" failures="45" skipped="167" tests="235" time="3.276" timestamp="2026-07-02T13:37:18.069316-04:00" hostname="JJtheJet-mbp-2.local"><testcase classname="tests.compatibility.agent_card.test_agent_card.TestAgentCardDiscovery" name="test_agent_card_retrievable" time="0.151" /><testcase classname="tests.compatibility.agent_card.test_agent_card.TestAgentCardStructure" name="test_agent_card_validates_against_schema" time="0.006" /><testcase classname="tests.compatibility.agent_card.test_agent_card.TestAgentCardStructure" name="test_required_fields_present" time="0.000" /><testcase classname="tests.compatibility.agent_card.test_agent_card.TestAgentCardProtocol" name="test_supported_interfaces_non_empty" time="0.000" /><testcase classname="tests.compatibility.agent_card.test_agent_card.TestAgentCardProtocol" name="test_each_interface_validates_against_schema" time="0.000" /><testcase classname="tests.compatibility.agent_card.test_agent_card.TestBindingFieldDeclaration" name="test_all_protocols_declared" time="0.000" /><testcase classname="tests.compatibility.core_operations.test_artifacts.TestTextArtifact" name="test_task_has_text_artifact[grpc]" time="0.024"><skipped type="pytest.skip" message="Transport 'grpc' not configured"><zeroclaw-workspace>/.context/standards/tools/a2a-tck/tests/compatibility/_test_helpers.py:74: Transport 'grpc' not configured</skipped></testcase><testcase classname="tests.compatibility.core_operations.test_artifacts.TestTextArtifact" name="test_task_has_text_artifact[jsonrpc]" time="0.008"><failure message="json.decoder.JSONDecodeError: Expecting value: line 1 column 1 (char 0)">tests/compatibility/core_operations/test_artifacts.py:97: in test_task_has_text_artifact
    response = _send_and_get_response(client, "artifact-text")
               ^^^^^^^^^^^^^^^^^^^^^^^^^^^^^^^^^^^^^^^^^^^^^^^
tests/compatibility/core_operations/test_artifacts.py:68: in _send_and_get_response
    response = client.send_message(message=message)
               ^^^^^^^^^^^^^^^^^^^^^^^^^^^^^^^^^^^^
tck/transport/jsonrpc_client.py:191: in send_message
    return self._call(OperationType.SEND_MESSAGE.value, params)
           ^^^^^^^^^^^^^^^^^^^^^^^^^^^^^^^^^^^^^^^^^^^^^^^^^^^^
tck/transport/jsonrpc_client.py:109: in _call
    body = response.json()
           ^^^^^^^^^^^^^^^
.venv/lib/python3.13/site-packages/httpx/_models.py:832: in json
    return jsonlib.loads(self.content, **kwargs)
           ^^^^^^^^^^^^^^^^^^^^^^^^^^^^^^^^^^^^^
<home>/miniconda3/lib/python3.13/json/__init__.py:346: in loads
    return _default_decoder.decode(s)
           ^^^^^^^^^^^^^^^^^^^^^^^^^^
<home>/miniconda3/lib/python3.13/json/decoder.py:345: in decode
    obj, end = self.raw_decode(s, idx=_w(s, 0).end())
               ^^^^^^^^^^^^^^^^^^^^^^^^^^^^^^^^^^^^^^
<home>/miniconda3/lib/python3.13/json/decoder.py:363: in raw_decode
    raise JSONDecodeError("Expecting value", s, err.value) from None
E   json.decoder.JSONDecodeError: Expecting value: line 1 column 1 (char 0)</failure></testcase><testcase classname="tests.compatibility.core_operations.test_artifacts.TestTextArtifact" name="test_task_has_text_artifact[http_json]" time="0.001"><skipped type="pytest.skip" message="Transport 'http_json' not configured"><zeroclaw-workspace>/.context/standards/tools/a2a-tck/tests/compatibility/_test_helpers.py:74: Transport 'http_json' not configured</skipped></testcase><testcase classname="tests.compatibility.core_operations.test_artifacts.TestFileArtifact" name="test_task_has_file_artifact[grpc]" time="0.000"><skipped type="pytest.skip" message="Transport 'grpc' not configured"><zeroclaw-workspace>/.context/standards/tools/a2a-tck/tests/compatibility/_test_helpers.py:74: Transport 'grpc' not configured</skipped></testcase><testcase classname="tests.compatibility.core_operations.test_artifacts.TestFileArtifact" name="test_task_has_file_artifact[jsonrpc]" time="0.002"><failure message="json.decoder.JSONDecodeError: Expecting value: line 1 column 1 (char 0)">tests/compatibility/core_operations/test_artifacts.py:128: in test_task_has_file_artifact
    response = _send_and_get_response(client, "artifact-file")
               ^^^^^^^^^^^^^^^^^^^^^^^^^^^^^^^^^^^^^^^^^^^^^^^
tests/compatibility/core_operations/test_artifacts.py:68: in _send_and_get_response
    response = client.send_message(message=message)
               ^^^^^^^^^^^^^^^^^^^^^^^^^^^^^^^^^^^^
tck/transport/jsonrpc_client.py:191: in send_message
    return self._call(OperationType.SEND_MESSAGE.value, params)
           ^^^^^^^^^^^^^^^^^^^^^^^^^^^^^^^^^^^^^^^^^^^^^^^^^^^^
tck/transport/jsonrpc_client.py:109: in _call
    body = response.json()
           ^^^^^^^^^^^^^^^
.venv/lib/python3.13/site-packages/httpx/_models.py:832: in json
    return jsonlib.loads(self.content, **kwargs)
           ^^^^^^^^^^^^^^^^^^^^^^^^^^^^^^^^^^^^^
<home>/miniconda3/lib/python3.13/json/__init__.py:346: in loads
    return _default_decoder.decode(s)
           ^^^^^^^^^^^^^^^^^^^^^^^^^^
<home>/miniconda3/lib/python3.13/json/decoder.py:345: in decode
    obj, end = self.raw_decode(s, idx=_w(s, 0).end())
               ^^^^^^^^^^^^^^^^^^^^^^^^^^^^^^^^^^^^^^
<home>/miniconda3/lib/python3.13/json/decoder.py:363: in raw_decode
    raise JSONDecodeError("Expecting value", s, err.value) from None
E   json.decoder.JSONDecodeError: Expecting value: line 1 column 1 (char 0)</failure></testcase><testcase classname="tests.compatibility.core_operations.test_artifacts.TestFileArtifact" name="test_task_has_file_artifact[http_json]" time="0.000"><skipped type="pytest.skip" message="Transport 'http_json' not configured"><zeroclaw-workspace>/.context/standards/tools/a2a-tck/tests/compatibility/_test_helpers.py:74: Transport 'http_json' not configured</skipped></testcase><testcase classname="tests.compatibility.core_operations.test_artifacts.TestFileUrlArtifact" name="test_task_has_file_url_artifact[grpc]" time="0.000"><skipped type="pytest.skip" message="Transport 'grpc' not configured"><zeroclaw-workspace>/.context/standards/tools/a2a-tck/tests/compatibility/_test_helpers.py:74: Transport 'grpc' not configured</skipped></testcase><testcase classname="tests.compatibility.core_operations.test_artifacts.TestFileUrlArtifact" name="test_task_has_file_url_artifact[jsonrpc]" time="0.002"><failure message="json.decoder.JSONDecodeError: Expecting value: line 1 column 1 (char 0)">tests/compatibility/core_operations/test_artifacts.py:183: in test_task_has_file_url_artifact
    response = _send_and_get_response(client, "artifact-file-url")
               ^^^^^^^^^^^^^^^^^^^^^^^^^^^^^^^^^^^^^^^^^^^^^^^^^^^
tests/compatibility/core_operations/test_artifacts.py:68: in _send_and_get_response
    response = client.send_message(message=message)
               ^^^^^^^^^^^^^^^^^^^^^^^^^^^^^^^^^^^^
tck/transport/jsonrpc_client.py:191: in send_message
    return self._call(OperationType.SEND_MESSAGE.value, params)
           ^^^^^^^^^^^^^^^^^^^^^^^^^^^^^^^^^^^^^^^^^^^^^^^^^^^^
tck/transport/jsonrpc_client.py:109: in _call
    body = response.json()
           ^^^^^^^^^^^^^^^
.venv/lib/python3.13/site-packages/httpx/_models.py:832: in json
    return jsonlib.loads(self.content, **kwargs)
           ^^^^^^^^^^^^^^^^^^^^^^^^^^^^^^^^^^^^^
<home>/miniconda3/lib/python3.13/json/__init__.py:346: in loads
    return _default_decoder.decode(s)
           ^^^^^^^^^^^^^^^^^^^^^^^^^^
<home>/miniconda3/lib/python3.13/json/decoder.py:345: in decode
    obj, end = self.raw_decode(s, idx=_w(s, 0).end())
               ^^^^^^^^^^^^^^^^^^^^^^^^^^^^^^^^^^^^^^
<home>/miniconda3/lib/python3.13/json/decoder.py:363: in raw_decode
    raise JSONDecodeError("Expecting value", s, err.value) from None
E   json.decoder.JSONDecodeError: Expecting value: line 1 column 1 (char 0)</failure></testcase><testcase classname="tests.compatibility.core_operations.test_artifacts.TestFileUrlArtifact" name="test_task_has_file_url_artifact[http_json]" time="0.001"><skipped type="pytest.skip" message="Transport 'http_json' not configured"><zeroclaw-workspace>/.context/standards/tools/a2a-tck/tests/compatibility/_test_helpers.py:74: Transport 'http_json' not configured</skipped></testcase><testcase classname="tests.compatibility.core_operations.test_artifacts.TestDataArtifact" name="test_task_has_data_artifact[grpc]" time="0.000"><skipped type="pytest.skip" message="Transport 'grpc' not configured"><zeroclaw-workspace>/.context/standards/tools/a2a-tck/tests/compatibility/_test_helpers.py:74: Transport 'grpc' not configured</skipped></testcase><testcase classname="tests.compatibility.core_operations.test_artifacts.TestDataArtifact" name="test_task_has_data_artifact[jsonrpc]" time="0.002"><failure message="json.decoder.JSONDecodeError: Expecting value: line 1 column 1 (char 0)">tests/compatibility/core_operations/test_artifacts.py:237: in test_task_has_data_artifact
    response = _send_and_get_response(client, "artifact-data")
               ^^^^^^^^^^^^^^^^^^^^^^^^^^^^^^^^^^^^^^^^^^^^^^^
tests/compatibility/core_operations/test_artifacts.py:68: in _send_and_get_response
    response = client.send_message(message=message)
               ^^^^^^^^^^^^^^^^^^^^^^^^^^^^^^^^^^^^
tck/transport/jsonrpc_client.py:191: in send_message
    return self._call(OperationType.SEND_MESSAGE.value, params)
           ^^^^^^^^^^^^^^^^^^^^^^^^^^^^^^^^^^^^^^^^^^^^^^^^^^^^
tck/transport/jsonrpc_client.py:109: in _call
    body = response.json()
           ^^^^^^^^^^^^^^^
.venv/lib/python3.13/site-packages/httpx/_models.py:832: in json
    return jsonlib.loads(self.content, **kwargs)
           ^^^^^^^^^^^^^^^^^^^^^^^^^^^^^^^^^^^^^
<home>/miniconda3/lib/python3.13/json/__init__.py:346: in loads
    return _default_decoder.decode(s)
           ^^^^^^^^^^^^^^^^^^^^^^^^^^
<home>/miniconda3/lib/python3.13/json/decoder.py:345: in decode
    obj, end = self.raw_decode(s, idx=_w(s, 0).end())
               ^^^^^^^^^^^^^^^^^^^^^^^^^^^^^^^^^^^^^^
<home>/miniconda3/lib/python3.13/json/decoder.py:363: in raw_decode
    raise JSONDecodeError("Expecting value", s, err.value) from None
E   json.decoder.JSONDecodeError: Expecting value: line 1 column 1 (char 0)</failure></testcase><testcase classname="tests.compatibility.core_operations.test_artifacts.TestDataArtifact" name="test_task_has_data_artifact[http_json]" time="0.001"><skipped type="pytest.skip" message="Transport 'http_json' not configured"><zeroclaw-workspace>/.context/standards/tools/a2a-tck/tests/compatibility/_test_helpers.py:74: Transport 'http_json' not configured</skipped></testcase><testcase classname="tests.compatibility.core_operations.test_artifacts.TestMessageResponse" name="test_returns_message_with_text_part[grpc]" time="0.000"><skipped type="pytest.skip" message="Transport 'grpc' not configured"><zeroclaw-workspace>/.context/standards/tools/a2a-tck/tests/compatibility/_test_helpers.py:74: Transport 'grpc' not configured</skipped></testcase><testcase classname="tests.compatibility.core_operations.test_artifacts.TestMessageResponse" name="test_returns_message_with_text_part[jsonrpc]" time="0.002"><failure message="json.decoder.JSONDecodeError: Expecting value: line 1 column 1 (char 0)">tests/compatibility/core_operations/test_artifacts.py:269: in test_returns_message_with_text_part
    response = _send_and_get_response(client, "message-response")
               ^^^^^^^^^^^^^^^^^^^^^^^^^^^^^^^^^^^^^^^^^^^^^^^^^^
tests/compatibility/core_operations/test_artifacts.py:68: in _send_and_get_response
    response = client.send_message(message=message)
               ^^^^^^^^^^^^^^^^^^^^^^^^^^^^^^^^^^^^
tck/transport/jsonrpc_client.py:191: in send_message
    return self._call(OperationType.SEND_MESSAGE.value, params)
           ^^^^^^^^^^^^^^^^^^^^^^^^^^^^^^^^^^^^^^^^^^^^^^^^^^^^
tck/transport/jsonrpc_client.py:109: in _call
    body = response.json()
           ^^^^^^^^^^^^^^^
.venv/lib/python3.13/site-packages/httpx/_models.py:832: in json
    return jsonlib.loads(self.content, **kwargs)
           ^^^^^^^^^^^^^^^^^^^^^^^^^^^^^^^^^^^^^
<home>/miniconda3/lib/python3.13/json/__init__.py:346: in loads
    return _default_decoder.decode(s)
           ^^^^^^^^^^^^^^^^^^^^^^^^^^
<home>/miniconda3/lib/python3.13/json/decoder.py:345: in decode
    obj, end = self.raw_decode(s, idx=_w(s, 0).end())
               ^^^^^^^^^^^^^^^^^^^^^^^^^^^^^^^^^^^^^^
<home>/miniconda3/lib/python3.13/json/decoder.py:363: in raw_decode
    raise JSONDecodeError("Expecting value", s, err.value) from None
E   json.decoder.JSONDecodeError: Expecting value: line 1 column 1 (char 0)</failure></testcase><testcase classname="tests.compatibility.core_operations.test_artifacts.TestMessageResponse" name="test_returns_message_with_text_part[http_json]" time="0.001"><skipped type="pytest.skip" message="Transport 'http_json' not configured"><zeroclaw-workspace>/.context/standards/tools/a2a-tck/tests/compatibility/_test_helpers.py:74: Transport 'http_json' not configured</skipped></testcase><testcase classname="tests.compatibility.core_operations.test_data_model.TestSendMessageResponseSchema" name="test_response_validates_against_schema" time="0.001"><error message="failed on setup with &quot;json.decoder.JSONDecodeError: Expecting value: line 1 column 1 (char 0)&quot;">tests/compatibility/core_operations/test_data_model.py:119: in send_message_responses
    response = client.send_message(message=_SAMPLE_MESSAGE)
               ^^^^^^^^^^^^^^^^^^^^^^^^^^^^^^^^^^^^^^^^^^^^
tck/transport/jsonrpc_client.py:191: in send_message
    return self._call(OperationType.SEND_MESSAGE.value, params)
           ^^^^^^^^^^^^^^^^^^^^^^^^^^^^^^^^^^^^^^^^^^^^^^^^^^^^
tck/transport/jsonrpc_client.py:109: in _call
    body = response.json()
           ^^^^^^^^^^^^^^^
.venv/lib/python3.13/site-packages/httpx/_models.py:832: in json
    return jsonlib.loads(self.content, **kwargs)
           ^^^^^^^^^^^^^^^^^^^^^^^^^^^^^^^^^^^^^
<home>/miniconda3/lib/python3.13/json/__init__.py:346: in loads
    return _default_decoder.decode(s)
           ^^^^^^^^^^^^^^^^^^^^^^^^^^
<home>/miniconda3/lib/python3.13/json/decoder.py:345: in decode
    obj, end = self.raw_decode(s, idx=_w(s, 0).end())
               ^^^^^^^^^^^^^^^^^^^^^^^^^^^^^^^^^^^^^^
<home>/miniconda3/lib/python3.13/json/decoder.py:363: in raw_decode
    raise JSONDecodeError("Expecting value", s, err.value) from None
E   json.decoder.JSONDecodeError: Expecting value: line 1 column 1 (char 0)</error></testcase><testcase classname="tests.compatibility.core_operations.test_data_model.TestCamelCaseFieldNames" name="test_no_snake_case_keys" time="0.000"><error message="failed on setup with &quot;json.decoder.JSONDecodeError: Expecting value: line 1 column 1 (char 0)&quot;">tests/compatibility/core_operations/test_data_model.py:119: in send_message_responses
    response = client.send_message(message=_SAMPLE_MESSAGE)
               ^^^^^^^^^^^^^^^^^^^^^^^^^^^^^^^^^^^^^^^^^^^^
tck/transport/jsonrpc_client.py:191: in send_message
    return self._call(OperationType.SEND_MESSAGE.value, params)
           ^^^^^^^^^^^^^^^^^^^^^^^^^^^^^^^^^^^^^^^^^^^^^^^^^^^^
tck/transport/jsonrpc_client.py:109: in _call
    body = response.json()
           ^^^^^^^^^^^^^^^
.venv/lib/python3.13/site-packages/httpx/_models.py:832: in json
    return jsonlib.loads(self.content, **kwargs)
           ^^^^^^^^^^^^^^^^^^^^^^^^^^^^^^^^^^^^^
<home>/miniconda3/lib/python3.13/json/__init__.py:346: in loads
    return _default_decoder.decode(s)
           ^^^^^^^^^^^^^^^^^^^^^^^^^^
<home>/miniconda3/lib/python3.13/json/decoder.py:345: in decode
    obj, end = self.raw_decode(s, idx=_w(s, 0).end())
               ^^^^^^^^^^^^^^^^^^^^^^^^^^^^^^^^^^^^^^
<home>/miniconda3/lib/python3.13/json/decoder.py:363: in raw_decode
    raise JSONDecodeError("Expecting value", s, err.value) from None
E   json.decoder.JSONDecodeError: Expecting value: line 1 column 1 (char 0)</error></testcase><testcase classname="tests.compatibility.core_operations.test_data_model.TestEnumSerialization" name="test_enum_values_are_strings" time="0.000"><error message="failed on setup with &quot;json.decoder.JSONDecodeError: Expecting value: line 1 column 1 (char 0)&quot;">tests/compatibility/core_operations/test_data_model.py:119: in send_message_responses
    response = client.send_message(message=_SAMPLE_MESSAGE)
               ^^^^^^^^^^^^^^^^^^^^^^^^^^^^^^^^^^^^^^^^^^^^
tck/transport/jsonrpc_client.py:191: in send_message
    return self._call(OperationType.SEND_MESSAGE.value, params)
           ^^^^^^^^^^^^^^^^^^^^^^^^^^^^^^^^^^^^^^^^^^^^^^^^^^^^
tck/transport/jsonrpc_client.py:109: in _call
    body = response.json()
           ^^^^^^^^^^^^^^^
.venv/lib/python3.13/site-packages/httpx/_models.py:832: in json
    return jsonlib.loads(self.content, **kwargs)
           ^^^^^^^^^^^^^^^^^^^^^^^^^^^^^^^^^^^^^
<home>/miniconda3/lib/python3.13/json/__init__.py:346: in loads
    return _default_decoder.decode(s)
           ^^^^^^^^^^^^^^^^^^^^^^^^^^
<home>/miniconda3/lib/python3.13/json/decoder.py:345: in decode
    obj, end = self.raw_decode(s, idx=_w(s, 0).end())
               ^^^^^^^^^^^^^^^^^^^^^^^^^^^^^^^^^^^^^^
<home>/miniconda3/lib/python3.13/json/decoder.py:363: in raw_decode
    raise JSONDecodeError("Expecting value", s, err.value) from None
E   json.decoder.JSONDecodeError: Expecting value: line 1 column 1 (char 0)</error></testcase><testcase classname="tests.compatibility.core_operations.test_data_model.TestTimestampFormat" name="test_timestamps_are_iso8601_utc" time="0.000"><error message="failed on setup with &quot;json.decoder.JSONDecodeError: Expecting value: line 1 column 1 (char 0)&quot;">tests/compatibility/core_operations/test_data_model.py:119: in send_message_responses
    response = client.send_message(message=_SAMPLE_MESSAGE)
               ^^^^^^^^^^^^^^^^^^^^^^^^^^^^^^^^^^^^^^^^^^^^
tck/transport/jsonrpc_client.py:191: in send_message
    return self._call(OperationType.SEND_MESSAGE.value, params)
           ^^^^^^^^^^^^^^^^^^^^^^^^^^^^^^^^^^^^^^^^^^^^^^^^^^^^
tck/transport/jsonrpc_client.py:109: in _call
    body = response.json()
           ^^^^^^^^^^^^^^^
.venv/lib/python3.13/site-packages/httpx/_models.py:832: in json
    return jsonlib.loads(self.content, **kwargs)
           ^^^^^^^^^^^^^^^^^^^^^^^^^^^^^^^^^^^^^
<home>/miniconda3/lib/python3.13/json/__init__.py:346: in loads
    return _default_decoder.decode(s)
           ^^^^^^^^^^^^^^^^^^^^^^^^^^
<home>/miniconda3/lib/python3.13/json/decoder.py:345: in decode
    obj, end = self.raw_decode(s, idx=_w(s, 0).end())
               ^^^^^^^^^^^^^^^^^^^^^^^^^^^^^^^^^^^^^^
<home>/miniconda3/lib/python3.13/json/decoder.py:363: in raw_decode
    raise JSONDecodeError("Expecting value", s, err.value) from None
E   json.decoder.JSONDecodeError: Expecting value: line 1 column 1 (char 0)</error></testcase><testcase classname="tests.compatibility.core_operations.test_error_handling.TestCoreErrorStructure" name="test_error_has_code_and_message_jsonrpc" time="0.025" /><testcase classname="tests.compatibility.core_operations.test_error_handling.TestCoreErrorStructure" name="test_error_has_code_and_message_rest" time="0.000"><skipped type="pytest.skip" message="Transport 'http_json' not configured"><zeroclaw-workspace>/.context/standards/tools/a2a-tck/tests/compatibility/_test_helpers.py:74: Transport 'http_json' not configured</skipped></testcase><testcase classname="tests.compatibility.core_operations.test_error_handling.TestCoreInputValidation" name="test_malformed_request_rejected_jsonrpc" time="0.025" /><testcase classname="tests.compatibility.core_operations.test_error_handling.TestCoreInputValidation" name="test_malformed_request_rejected_rest" time="0.000"><skipped type="pytest.skip" message="Transport 'http_json' not configured"><zeroclaw-workspace>/.context/standards/tools/a2a-tck/tests/compatibility/_test_helpers.py:74: Transport 'http_json' not configured</skipped></testcase><testcase classname="tests.compatibility.core_operations.test_error_handling.TestCapabilityPushNotifications" name="test_push_not_supported_jsonrpc" time="0.001"><failure message="json.decoder.JSONDecodeError: Expecting value: line 1 column 1 (char 0)">tests/compatibility/core_operations/test_error_handling.py:228: in test_push_not_supported_jsonrpc
    response = client.create_push_notification_config(
tck/transport/jsonrpc_client.py:252: in create_push_notification_config
    return self._call(OperationType.CREATE_PUSH_CONFIG.value, params)
           ^^^^^^^^^^^^^^^^^^^^^^^^^^^^^^^^^^^^^^^^^^^^^^^^^^^^^^^^^^
tck/transport/jsonrpc_client.py:109: in _call
    body = response.json()
           ^^^^^^^^^^^^^^^
.venv/lib/python3.13/site-packages/httpx/_models.py:832: in json
    return jsonlib.loads(self.content, **kwargs)
           ^^^^^^^^^^^^^^^^^^^^^^^^^^^^^^^^^^^^^
<home>/miniconda3/lib/python3.13/json/__init__.py:346: in loads
    return _default_decoder.decode(s)
           ^^^^^^^^^^^^^^^^^^^^^^^^^^
<home>/miniconda3/lib/python3.13/json/decoder.py:345: in decode
    obj, end = self.raw_decode(s, idx=_w(s, 0).end())
               ^^^^^^^^^^^^^^^^^^^^^^^^^^^^^^^^^^^^^^
<home>/miniconda3/lib/python3.13/json/decoder.py:363: in raw_decode
    raise JSONDecodeError("Expecting value", s, err.value) from None
E   json.decoder.JSONDecodeError: Expecting value: line 1 column 1 (char 0)</failure></testcase><testcase classname="tests.compatibility.core_operations.test_error_handling.TestCapabilityPushNotifications" name="test_push_not_supported_rest" time="0.000"><skipped type="pytest.skip" message="Transport 'http_json' not configured"><zeroclaw-workspace>/.context/standards/tools/a2a-tck/tests/compatibility/_test_helpers.py:74: Transport 'http_json' not configured</skipped></testcase><testcase classname="tests.compatibility.core_operations.test_error_handling.TestCapabilityStreaming" name="test_streaming_not_supported_jsonrpc" time="0.025" /><testcase classname="tests.compatibility.core_operations.test_error_handling.TestCapabilityExtensionRequired" name="test_missing_required_extension_returns_error_jsonrpc" time="0.000"><skipped type="pytest.skip" message="Agent card does not declare urn:a2a:tck:required-extension as required"><zeroclaw-workspace>/.context/standards/tools/a2a-tck/tests/compatibility/core_operations/test_error_handling.py:321: Agent card does not declare urn:a2a:tck:required-extension as required</skipped></testcase><testcase classname="tests.compatibility.core_operations.test_error_handling.TestCapabilityExtensionRequired" name="test_missing_required_extension_returns_error_http_json" time="0.000"><skipped type="pytest.skip" message="Agent card does not declare urn:a2a:tck:required-extension as required"><zeroclaw-workspace>/.context/standards/tools/a2a-tck/tests/compatibility/core_operations/test_error_handling.py:345: Agent card does not declare urn:a2a:tck:required-extension as required</skipped></testcase><testcase classname="tests.compatibility.core_operations.test_error_handling.TestCapabilityExtendedCard" name="test_extended_card_not_supported_jsonrpc" time="0.002"><failure message="json.decoder.JSONDecodeError: Expecting value: line 1 column 1 (char 0)">tests/compatibility/core_operations/test_error_handling.py:380: in test_extended_card_not_supported_jsonrpc
    response = client.get_extended_agent_card()
               ^^^^^^^^^^^^^^^^^^^^^^^^^^^^^^^^
tck/transport/jsonrpc_client.py:275: in get_extended_agent_card
    return self._call(OperationType.GET_EXTENDED_AGENT_CARD.value, {})
           ^^^^^^^^^^^^^^^^^^^^^^^^^^^^^^^^^^^^^^^^^^^^^^^^^^^^^^^^^^^
tck/transport/jsonrpc_client.py:109: in _call
    body = response.json()
           ^^^^^^^^^^^^^^^
.venv/lib/python3.13/site-packages/httpx/_models.py:832: in json
    return jsonlib.loads(self.content, **kwargs)
           ^^^^^^^^^^^^^^^^^^^^^^^^^^^^^^^^^^^^^
<home>/miniconda3/lib/python3.13/json/__init__.py:346: in loads
    return _default_decoder.decode(s)
           ^^^^^^^^^^^^^^^^^^^^^^^^^^
<home>/miniconda3/lib/python3.13/json/decoder.py:345: in decode
    obj, end = self.raw_decode(s, idx=_w(s, 0).end())
               ^^^^^^^^^^^^^^^^^^^^^^^^^^^^^^^^^^^^^^
<home>/miniconda3/lib/python3.13/json/decoder.py:363: in raw_decode
    raise JSONDecodeError("Expecting value", s, err.value) from None
E   json.decoder.JSONDecodeError: Expecting value: line 1 column 1 (char 0)</failure></testcase><testcase classname="tests.compatibility.core_operations.test_error_handling.TestExtendedCardNotConfigured" name="test_extended_card_not_configured_jsonrpc" time="0.000"><skipped type="pytest.skip" message="Agent does not declare extendedAgentCard capability"><zeroclaw-workspace>/.context/standards/tools/a2a-tck/tests/compatibility/core_operations/test_error_handling.py:415: Agent does not declare extendedAgentCard capability</skipped></testcase><testcase classname="tests.compatibility.core_operations.test_error_handling.TestExtendedCardNotConfigured" name="test_extended_card_not_configured_http_json" time="0.001"><skipped type="pytest.skip" message="Agent does not declare extendedAgentCard capability"><zeroclaw-workspace>/.context/standards/tools/a2a-tck/tests/compatibility/core_operations/test_error_handling.py:415: Agent does not declare extendedAgentCard capability</skipped></testcase><testcase classname="tests.compatibility.core_operations.test_error_handling.TestExtendedCardNotConfigured" name="test_extended_card_not_configured_grpc" time="0.000"><skipped type="pytest.skip" message="Agent does not declare extendedAgentCard capability"><zeroclaw-workspace>/.context/standards/tools/a2a-tck/tests/compatibility/core_operations/test_error_handling.py:415: Agent does not declare extendedAgentCard capability</skipped></testcase><testcase classname="tests.compatibility.core_operations.test_error_handling.TestVersionErrors" name="test_unsupported_version_returns_error_jsonrpc" time="0.024" /><testcase classname="tests.compatibility.core_operations.test_error_handling.TestVersionErrors" name="test_unsupported_version_returns_error_rest" time="0.000"><skipped type="pytest.skip" message="Transport 'http_json' not configured"><zeroclaw-workspace>/.context/standards/tools/a2a-tck/tests/compatibility/_test_helpers.py:74: Transport 'http_json' not configured</skipped></testcase><testcase classname="tests.compatibility.core_operations.test_error_handling.TestVersionErrors" name="test_empty_version_treated_as_default_jsonrpc" time="0.024" /><testcase classname="tests.compatibility.core_operations.test_error_handling.TestJsonRpcErrorStructure" name="test_error_object_structure" time="0.001"><failure message="json.decoder.JSONDecodeError: Expecting value: line 1 column 1 (char 0)">tests/compatibility/core_operations/test_error_handling.py:582: in test_error_object_structure
    response = client.get_task(id=tck_id("nonexistent-err-test"))
               ^^^^^^^^^^^^^^^^^^^^^^^^^^^^^^^^^^^^^^^^^^^^^^^^^^
tck/transport/jsonrpc_client.py:212: in get_task
    return self._call(OperationType.GET_TASK.value, params)
           ^^^^^^^^^^^^^^^^^^^^^^^^^^^^^^^^^^^^^^^^^^^^^^^^
tck/transport/jsonrpc_client.py:109: in _call
    body = response.json()
           ^^^^^^^^^^^^^^^
.venv/lib/python3.13/site-packages/httpx/_models.py:832: in json
    return jsonlib.loads(self.content, **kwargs)
           ^^^^^^^^^^^^^^^^^^^^^^^^^^^^^^^^^^^^^
<home>/miniconda3/lib/python3.13/json/__init__.py:346: in loads
    return _default_decoder.decode(s)
           ^^^^^^^^^^^^^^^^^^^^^^^^^^
<home>/miniconda3/lib/python3.13/json/decoder.py:345: in decode
    obj, end = self.raw_decode(s, idx=_w(s, 0).end())
               ^^^^^^^^^^^^^^^^^^^^^^^^^^^^^^^^^^^^^^
<home>/miniconda3/lib/python3.13/json/decoder.py:363: in raw_decode
    raise JSONDecodeError("Expecting value", s, err.value) from None
E   json.decoder.JSONDecodeError: Expecting value: line 1 column 1 (char 0)</failure></testcase><testcase classname="tests.compatibility.core_operations.test_error_handling.TestJsonRpcErrorStructure" name="test_a2a_error_codes_in_range" time="0.002"><failure message="json.decoder.JSONDecodeError: Expecting value: line 1 column 1 (char 0)">tests/compatibility/core_operations/test_error_handling.py:603: in test_a2a_error_codes_in_range
    response = client.get_task(id=tck_id("nonexistent-err-range"))
               ^^^^^^^^^^^^^^^^^^^^^^^^^^^^^^^^^^^^^^^^^^^^^^^^^^^
tck/transport/jsonrpc_client.py:212: in get_task
    return self._call(OperationType.GET_TASK.value, params)
           ^^^^^^^^^^^^^^^^^^^^^^^^^^^^^^^^^^^^^^^^^^^^^^^^
tck/transport/jsonrpc_client.py:109: in _call
    body = response.json()
           ^^^^^^^^^^^^^^^
.venv/lib/python3.13/site-packages/httpx/_models.py:832: in json
    return jsonlib.loads(self.content, **kwargs)
           ^^^^^^^^^^^^^^^^^^^^^^^^^^^^^^^^^^^^^
<home>/miniconda3/lib/python3.13/json/__init__.py:346: in loads
    return _default_decoder.decode(s)
           ^^^^^^^^^^^^^^^^^^^^^^^^^^
<home>/miniconda3/lib/python3.13/json/decoder.py:345: in decode
    obj, end = self.raw_decode(s, idx=_w(s, 0).end())
               ^^^^^^^^^^^^^^^^^^^^^^^^^^^^^^^^^^^^^^
<home>/miniconda3/lib/python3.13/json/decoder.py:363: in raw_decode
    raise JSONDecodeError("Expecting value", s, err.value) from None
E   json.decoder.JSONDecodeError: Expecting value: line 1 column 1 (char 0)</failure></testcase><testcase classname="tests.compatibility.core_operations.test_error_handling.TestJsonRpcErrorStructure" name="test_a2a_error_type_mappings" time="0.002"><failure message="json.decoder.JSONDecodeError: Expecting value: line 1 column 1 (char 0)">tests/compatibility/core_operations/test_error_handling.py:634: in test_a2a_error_type_mappings
    response = client.get_task(id=tck_id("nonexistent-mapping-test"))
               ^^^^^^^^^^^^^^^^^^^^^^^^^^^^^^^^^^^^^^^^^^^^^^^^^^^^^^
tck/transport/jsonrpc_client.py:212: in get_task
    return self._call(OperationType.GET_TASK.value, params)
           ^^^^^^^^^^^^^^^^^^^^^^^^^^^^^^^^^^^^^^^^^^^^^^^^
tck/transport/jsonrpc_client.py:109: in _call
    body = response.json()
           ^^^^^^^^^^^^^^^
.venv/lib/python3.13/site-packages/httpx/_models.py:832: in json
    return jsonlib.loads(self.content, **kwargs)
           ^^^^^^^^^^^^^^^^^^^^^^^^^^^^^^^^^^^^^
<home>/miniconda3/lib/python3.13/json/__init__.py:346: in loads
    return _default_decoder.decode(s)
           ^^^^^^^^^^^^^^^^^^^^^^^^^^
<home>/miniconda3/lib/python3.13/json/decoder.py:345: in decode
    obj, end = self.raw_decode(s, idx=_w(s, 0).end())
               ^^^^^^^^^^^^^^^^^^^^^^^^^^^^^^^^^^^^^^
<home>/miniconda3/lib/python3.13/json/decoder.py:363: in raw_decode
    raise JSONDecodeError("Expecting value", s, err.value) from None
E   json.decoder.JSONDecodeError: Expecting value: line 1 column 1 (char 0)</failure></testcase><testcase classname="tests.compatibility.core_operations.test_error_handling.TestJsonRpcErrorStructure" name="test_error_data_contains_error_info" time="0.001"><failure message="json.decoder.JSONDecodeError: Expecting value: line 1 column 1 (char 0)">tests/compatibility/core_operations/test_error_handling.py:655: in test_error_data_contains_error_info
    response = client.get_task(id=tck_id("nonexistent-errinfo-test"))
               ^^^^^^^^^^^^^^^^^^^^^^^^^^^^^^^^^^^^^^^^^^^^^^^^^^^^^^
tck/transport/jsonrpc_client.py:212: in get_task
    return self._call(OperationType.GET_TASK.value, params)
           ^^^^^^^^^^^^^^^^^^^^^^^^^^^^^^^^^^^^^^^^^^^^^^^^
tck/transport/jsonrpc_client.py:109: in _call
    body = response.json()
           ^^^^^^^^^^^^^^^
.venv/lib/python3.13/site-packages/httpx/_models.py:832: in json
    return jsonlib.loads(self.content, **kwargs)
           ^^^^^^^^^^^^^^^^^^^^^^^^^^^^^^^^^^^^^
<home>/miniconda3/lib/python3.13/json/__init__.py:346: in loads
    return _default_decoder.decode(s)
           ^^^^^^^^^^^^^^^^^^^^^^^^^^
<home>/miniconda3/lib/python3.13/json/decoder.py:345: in decode
    obj, end = self.raw_decode(s, idx=_w(s, 0).end())
               ^^^^^^^^^^^^^^^^^^^^^^^^^^^^^^^^^^^^^^
<home>/miniconda3/lib/python3.13/json/decoder.py:363: in raw_decode
    raise JSONDecodeError("Expecting value", s, err.value) from None
E   json.decoder.JSONDecodeError: Expecting value: line 1 column 1 (char 0)</failure></testcase><testcase classname="tests.compatibility.core_operations.test_error_handling.TestRestErrorStructure" name="test_error_uses_aip193_format" time="0.000"><skipped type="pytest.skip" message="Transport 'http_json' not configured"><zeroclaw-workspace>/.context/standards/tools/a2a-tck/tests/compatibility/_test_helpers.py:74: Transport 'http_json' not configured</skipped></testcase><testcase classname="tests.compatibility.core_operations.test_error_handling.TestRestErrorStructure" name="test_a2a_error_info_in_details" time="0.000"><skipped type="pytest.skip" message="Transport 'http_json' not configured"><zeroclaw-workspace>/.context/standards/tools/a2a-tck/tests/compatibility/_test_helpers.py:74: Transport 'http_json' not configured</skipped></testcase><testcase classname="tests.compatibility.core_operations.test_error_handling.TestGrpcErrorStructure" name="test_grpc_error_for_nonexistent_task" time="0.000"><skipped type="pytest.skip" message="Transport 'grpc' not configured"><zeroclaw-workspace>/.context/standards/tools/a2a-tck/tests/compatibility/_test_helpers.py:74: Transport 'grpc' not configured</skipped></testcase><testcase classname="tests.compatibility.core_operations.test_multi_stream.TestMultiStreamOrdering" name="test_events_broadcast_to_all_streams[grpc]" time="0.001"><skipped type="pytest.skip" message="Agent does not support streaming"><zeroclaw-workspace>/.context/standards/tools/a2a-tck/tests/compatibility/core_operations/test_multi_stream.py:153: Agent does not support streaming</skipped></testcase><testcase classname="tests.compatibility.core_operations.test_multi_stream.TestMultiStreamOrdering" name="test_events_broadcast_to_all_streams[jsonrpc]" time="0.000"><skipped type="pytest.skip" message="Agent does not support streaming"><zeroclaw-workspace>/.context/standards/tools/a2a-tck/tests/compatibility/core_operations/test_multi_stream.py:153: Agent does not support streaming</skipped></testcase><testcase classname="tests.compatibility.core_operations.test_multi_stream.TestMultiStreamOrdering" name="test_events_broadcast_to_all_streams[http_json]" time="0.000"><skipped type="pytest.skip" message="Agent does not support streaming"><zeroclaw-workspace>/.context/standards/tools/a2a-tck/tests/compatibility/core_operations/test_multi_stream.py:153: Agent does not support streaming</skipped></testcase><testcase classname="tests.compatibility.core_operations.test_multi_stream.TestMultiStreamOrdering" name="test_streams_receive_same_events_in_order[grpc]" time="0.000"><skipped type="pytest.skip" message="Agent does not support streaming"><zeroclaw-workspace>/.context/standards/tools/a2a-tck/tests/compatibility/core_operations/test_multi_stream.py:181: Agent does not support streaming</skipped></testcase><testcase classname="tests.compatibility.core_operations.test_multi_stream.TestMultiStreamOrdering" name="test_streams_receive_same_events_in_order[jsonrpc]" time="0.000"><skipped type="pytest.skip" message="Agent does not support streaming"><zeroclaw-workspace>/.context/standards/tools/a2a-tck/tests/compatibility/core_operations/test_multi_stream.py:181: Agent does not support streaming</skipped></testcase><testcase classname="tests.compatibility.core_operations.test_multi_stream.TestMultiStreamOrdering" name="test_streams_receive_same_events_in_order[http_json]" time="0.000"><skipped type="pytest.skip" message="Agent does not support streaming"><zeroclaw-workspace>/.context/standards/tools/a2a-tck/tests/compatibility/core_operations/test_multi_stream.py:181: Agent does not support streaming</skipped></testcase><testcase classname="tests.compatibility.core_operations.test_multi_stream.TestMultiStreamOrdering" name="test_closing_one_stream_does_not_affect_others[grpc]" time="0.000"><skipped type="pytest.skip" message="Agent does not support streaming"><zeroclaw-workspace>/.context/standards/tools/a2a-tck/tests/compatibility/core_operations/test_multi_stream.py:221: Agent does not support streaming</skipped></testcase><testcase classname="tests.compatibility.core_operations.test_multi_stream.TestMultiStreamOrdering" name="test_closing_one_stream_does_not_affect_others[jsonrpc]" time="0.000"><skipped type="pytest.skip" message="Agent does not support streaming"><zeroclaw-workspace>/.context/standards/tools/a2a-tck/tests/compatibility/core_operations/test_multi_stream.py:221: Agent does not support streaming</skipped></testcase><testcase classname="tests.compatibility.core_operations.test_multi_stream.TestMultiStreamOrdering" name="test_closing_one_stream_does_not_affect_others[http_json]" time="0.000"><skipped type="pytest.skip" message="Agent does not support streaming"><zeroclaw-workspace>/.context/standards/tools/a2a-tck/tests/compatibility/core_operations/test_multi_stream.py:221: Agent does not support streaming</skipped></testcase><testcase classname="tests.compatibility.core_operations.test_push_notifications.TestPushNotificationCrud" name="test_create_push_config[grpc]" time="0.001"><skipped type="pytest.skip" message="Agent does not support push notifications"><zeroclaw-workspace>/.context/standards/tools/a2a-tck/tests/compatibility/core_operations/test_push_notifications.py:122: Agent does not support push notifications</skipped></testcase><testcase classname="tests.compatibility.core_operations.test_push_notifications.TestPushNotificationCrud" name="test_create_push_config[jsonrpc]" time="0.000"><skipped type="pytest.skip" message="Agent does not support push notifications"><zeroclaw-workspace>/.context/standards/tools/a2a-tck/tests/compatibility/core_operations/test_push_notifications.py:122: Agent does not support push notifications</skipped></testcase><testcase classname="tests.compatibility.core_operations.test_push_notifications.TestPushNotificationCrud" name="test_create_push_config[http_json]" time="0.000"><skipped type="pytest.skip" message="Agent does not support push notifications"><zeroclaw-workspace>/.context/standards/tools/a2a-tck/tests/compatibility/core_operations/test_push_notifications.py:122: Agent does not support push notifications</skipped></testcase><testcase classname="tests.compatibility.core_operations.test_push_notifications.TestPushNotificationCrud" name="test_config_persists[grpc]" time="0.000"><skipped type="pytest.skip" message="Agent does not support push notifications"><zeroclaw-workspace>/.context/standards/tools/a2a-tck/tests/compatibility/core_operations/test_push_notifications.py:150: Agent does not support push notifications</skipped></testcase><testcase classname="tests.compatibility.core_operations.test_push_notifications.TestPushNotificationCrud" name="test_config_persists[jsonrpc]" time="0.000"><skipped type="pytest.skip" message="Agent does not support push notifications"><zeroclaw-workspace>/.context/standards/tools/a2a-tck/tests/compatibility/core_operations/test_push_notifications.py:150: Agent does not support push notifications</skipped></testcase><testcase classname="tests.compatibility.core_operations.test_push_notifications.TestPushNotificationCrud" name="test_config_persists[http_json]" time="0.000"><skipped type="pytest.skip" message="Agent does not support push notifications"><zeroclaw-workspace>/.context/standards/tools/a2a-tck/tests/compatibility/core_operations/test_push_notifications.py:150: Agent does not support push notifications</skipped></testcase><testcase classname="tests.compatibility.core_operations.test_push_notifications.TestPushNotificationCrud" name="test_get_push_config[grpc]" time="0.000"><skipped type="pytest.skip" message="Agent does not support push notifications"><zeroclaw-workspace>/.context/standards/tools/a2a-tck/tests/compatibility/core_operations/test_push_notifications.py:187: Agent does not support push notifications</skipped></testcase><testcase classname="tests.compatibility.core_operations.test_push_notifications.TestPushNotificationCrud" name="test_get_push_config[jsonrpc]" time="0.000"><skipped type="pytest.skip" message="Agent does not support push notifications"><zeroclaw-workspace>/.context/standards/tools/a2a-tck/tests/compatibility/core_operations/test_push_notifications.py:187: Agent does not support push notifications</skipped></testcase><testcase classname="tests.compatibility.core_operations.test_push_notifications.TestPushNotificationCrud" name="test_get_push_config[http_json]" time="0.000"><skipped type="pytest.skip" message="Agent does not support push notifications"><zeroclaw-workspace>/.context/standards/tools/a2a-tck/tests/compatibility/core_operations/test_push_notifications.py:187: Agent does not support push notifications</skipped></testcase><testcase classname="tests.compatibility.core_operations.test_push_notifications.TestPushNotificationCrud" name="test_get_nonexistent_config_returns_error[grpc]" time="0.000"><skipped type="pytest.skip" message="Agent does not support push notifications"><zeroclaw-workspace>/.context/standards/tools/a2a-tck/tests/compatibility/core_operations/test_push_notifications.py:222: Agent does not support push notifications</skipped></testcase><testcase classname="tests.compatibility.core_operations.test_push_notifications.TestPushNotificationCrud" name="test_get_nonexistent_config_returns_error[jsonrpc]" time="0.000"><skipped type="pytest.skip" message="Agent does not support push notifications"><zeroclaw-workspace>/.context/standards/tools/a2a-tck/tests/compatibility/core_operations/test_push_notifications.py:222: Agent does not support push notifications</skipped></testcase><testcase classname="tests.compatibility.core_operations.test_push_notifications.TestPushNotificationCrud" name="test_get_nonexistent_config_returns_error[http_json]" time="0.000"><skipped type="pytest.skip" message="Agent does not support push notifications"><zeroclaw-workspace>/.context/standards/tools/a2a-tck/tests/compatibility/core_operations/test_push_notifications.py:222: Agent does not support push notifications</skipped></testcase><testcase classname="tests.compatibility.core_operations.test_push_notifications.TestPushNotificationCrud" name="test_list_push_configs[grpc]" time="0.000"><skipped type="pytest.skip" message="Agent does not support push notifications"><zeroclaw-workspace>/.context/standards/tools/a2a-tck/tests/compatibility/core_operations/test_push_notifications.py:252: Agent does not support push notifications</skipped></testcase><testcase classname="tests.compatibility.core_operations.test_push_notifications.TestPushNotificationCrud" name="test_list_push_configs[jsonrpc]" time="0.000"><skipped type="pytest.skip" message="Agent does not support push notifications"><zeroclaw-workspace>/.context/standards/tools/a2a-tck/tests/compatibility/core_operations/test_push_notifications.py:252: Agent does not support push notifications</skipped></testcase><testcase classname="tests.compatibility.core_operations.test_push_notifications.TestPushNotificationCrud" name="test_list_push_configs[http_json]" time="0.001"><skipped type="pytest.skip" message="Agent does not support push notifications"><zeroclaw-workspace>/.context/standards/tools/a2a-tck/tests/compatibility/core_operations/test_push_notifications.py:252: Agent does not support push notifications</skipped></testcase><testcase classname="tests.compatibility.core_operations.test_push_notifications.TestPushNotificationCrud" name="test_delete_push_config[grpc]" time="0.000"><skipped type="pytest.skip" message="Agent does not support push notifications"><zeroclaw-workspace>/.context/standards/tools/a2a-tck/tests/compatibility/core_operations/test_push_notifications.py:284: Agent does not support push notifications</skipped></testcase><testcase classname="tests.compatibility.core_operations.test_push_notifications.TestPushNotificationCrud" name="test_delete_push_config[jsonrpc]" time="0.000"><skipped type="pytest.skip" message="Agent does not support push notifications"><zeroclaw-workspace>/.context/standards/tools/a2a-tck/tests/compatibility/core_operations/test_push_notifications.py:284: Agent does not support push notifications</skipped></testcase><testcase classname="tests.compatibility.core_operations.test_push_notifications.TestPushNotificationCrud" name="test_delete_push_config[http_json]" time="0.000"><skipped type="pytest.skip" message="Agent does not support push notifications"><zeroclaw-workspace>/.context/standards/tools/a2a-tck/tests/compatibility/core_operations/test_push_notifications.py:284: Agent does not support push notifications</skipped></testcase><testcase classname="tests.compatibility.core_operations.test_push_notifications.TestPushNotificationCrud" name="test_delete_is_idempotent[grpc]" time="0.000"><skipped type="pytest.skip" message="Agent does not support push notifications"><zeroclaw-workspace>/.context/standards/tools/a2a-tck/tests/compatibility/core_operations/test_push_notifications.py:331: Agent does not support push notifications</skipped></testcase><testcase classname="tests.compatibility.core_operations.test_push_notifications.TestPushNotificationCrud" name="test_delete_is_idempotent[jsonrpc]" time="0.000"><skipped type="pytest.skip" message="Agent does not support push notifications"><zeroclaw-workspace>/.context/standards/tools/a2a-tck/tests/compatibility/core_operations/test_push_notifications.py:331: Agent does not support push notifications</skipped></testcase><testcase classname="tests.compatibility.core_operations.test_push_notifications.TestPushNotificationCrud" name="test_delete_is_idempotent[http_json]" time="0.000"><skipped type="pytest.skip" message="Agent does not support push notifications"><zeroclaw-workspace>/.context/standards/tools/a2a-tck/tests/compatibility/core_operations/test_push_notifications.py:331: Agent does not support push notifications</skipped></testcase><testcase classname="tests.compatibility.core_operations.test_push_notifications.TestPushNotificationDelivery" name="test_delivery_includes_auth[grpc]" time="0.043"><skipped type="pytest.skip" message="Agent does not support push notifications"><zeroclaw-workspace>/.context/standards/tools/a2a-tck/tests/compatibility/core_operations/test_push_notifications.py:430: Agent does not support push notifications</skipped></testcase><testcase classname="tests.compatibility.core_operations.test_push_notifications.TestPushNotificationDelivery" name="test_delivery_includes_auth[jsonrpc]" time="0.000"><skipped type="pytest.skip" message="Agent does not support push notifications"><zeroclaw-workspace>/.context/standards/tools/a2a-tck/tests/compatibility/core_operations/test_push_notifications.py:430: Agent does not support push notifications</skipped></testcase><testcase classname="tests.compatibility.core_operations.test_push_notifications.TestPushNotificationDelivery" name="test_delivery_includes_auth[http_json]" time="0.000"><skipped type="pytest.skip" message="Agent does not support push notifications"><zeroclaw-workspace>/.context/standards/tools/a2a-tck/tests/compatibility/core_operations/test_push_notifications.py:430: Agent does not support push notifications</skipped></testcase><testcase classname="tests.compatibility.core_operations.test_push_notifications.TestPushNotificationDelivery" name="test_delivery_at_least_once[grpc]" time="0.000"><skipped type="pytest.skip" message="Agent does not support push notifications"><zeroclaw-workspace>/.context/standards/tools/a2a-tck/tests/compatibility/core_operations/test_push_notifications.py:465: Agent does not support push notifications</skipped></testcase><testcase classname="tests.compatibility.core_operations.test_push_notifications.TestPushNotificationDelivery" name="test_delivery_at_least_once[jsonrpc]" time="0.000"><skipped type="pytest.skip" message="Agent does not support push notifications"><zeroclaw-workspace>/.context/standards/tools/a2a-tck/tests/compatibility/core_operations/test_push_notifications.py:465: Agent does not support push notifications</skipped></testcase><testcase classname="tests.compatibility.core_operations.test_push_notifications.TestPushNotificationDelivery" name="test_delivery_at_least_once[http_json]" time="0.000"><skipped type="pytest.skip" message="Agent does not support push notifications"><zeroclaw-workspace>/.context/standards/tools/a2a-tck/tests/compatibility/core_operations/test_push_notifications.py:465: Agent does not support push notifications</skipped></testcase><testcase classname="tests.compatibility.core_operations.test_push_notifications.TestPushNotificationDelivery" name="test_delivery_payload_format[grpc]" time="0.000"><skipped type="pytest.skip" message="Agent does not support push notifications"><zeroclaw-workspace>/.context/standards/tools/a2a-tck/tests/compatibility/core_operations/test_push_notifications.py:496: Agent does not support push notifications</skipped></testcase><testcase classname="tests.compatibility.core_operations.test_push_notifications.TestPushNotificationDelivery" name="test_delivery_payload_format[jsonrpc]" time="0.000"><skipped type="pytest.skip" message="Agent does not support push notifications"><zeroclaw-workspace>/.context/standards/tools/a2a-tck/tests/compatibility/core_operations/test_push_notifications.py:496: Agent does not support push notifications</skipped></testcase><testcase classname="tests.compatibility.core_operations.test_push_notifications.TestPushNotificationDelivery" name="test_delivery_payload_format[http_json]" time="0.000"><skipped type="pytest.skip" message="Agent does not support push notifications"><zeroclaw-workspace>/.context/standards/tools/a2a-tck/tests/compatibility/core_operations/test_push_notifications.py:496: Agent does not support push notifications</skipped></testcase><testcase classname="tests.compatibility.core_operations.test_requirements" name="test_must_requirement[CORE-SEND-001-grpc]" time="0.000"><skipped type="pytest.skip" message="Transport 'grpc' not configured (filtered by --transport)"><zeroclaw-workspace>/.context/standards/tools/a2a-tck/tests/compatibility/core_operations/test_requirements.py:177: Transport 'grpc' not configured (filtered by --transport)</skipped></testcase><testcase classname="tests.compatibility.core_operations.test_requirements" name="test_must_requirement[CORE-SEND-001-jsonrpc]" time="0.002"><failure message="json.decoder.JSONDecodeError: Expecting value: line 1 column 1 (char 0)">tests/compatibility/core_operations/test_requirements.py:179: in test_must_requirement
    response = execute_operation(client, requirement)
               ^^^^^^^^^^^^^^^^^^^^^^^^^^^^^^^^^^^^^^
tck/transport/dispatch.py:186: in execute_operation
    return method(*args, **kwargs)
           ^^^^^^^^^^^^^^^^^^^^^^^
tck/transport/jsonrpc_client.py:191: in send_message
    return self._call(OperationType.SEND_MESSAGE.value, params)
           ^^^^^^^^^^^^^^^^^^^^^^^^^^^^^^^^^^^^^^^^^^^^^^^^^^^^
tck/transport/jsonrpc_client.py:109: in _call
    body = response.json()
           ^^^^^^^^^^^^^^^
.venv/lib/python3.13/site-packages/httpx/_models.py:832: in json
    return jsonlib.loads(self.content, **kwargs)
           ^^^^^^^^^^^^^^^^^^^^^^^^^^^^^^^^^^^^^
<home>/miniconda3/lib/python3.13/json/__init__.py:346: in loads
    return _default_decoder.decode(s)
           ^^^^^^^^^^^^^^^^^^^^^^^^^^
<home>/miniconda3/lib/python3.13/json/decoder.py:345: in decode
    obj, end = self.raw_decode(s, idx=_w(s, 0).end())
               ^^^^^^^^^^^^^^^^^^^^^^^^^^^^^^^^^^^^^^
<home>/miniconda3/lib/python3.13/json/decoder.py:363: in raw_decode
    raise JSONDecodeError("Expecting value", s, err.value) from None
E   json.decoder.JSONDecodeError: Expecting value: line 1 column 1 (char 0)</failure></testcase><testcase classname="tests.compatibility.core_operations.test_requirements" name="test_must_requirement[CORE-SEND-001-http_json]" time="0.001"><skipped type="pytest.skip" message="Transport 'http_json' not configured (filtered by --transport)"><zeroclaw-workspace>/.context/standards/tools/a2a-tck/tests/compatibility/core_operations/test_requirements.py:177: Transport 'http_json' not configured (filtered by --transport)</skipped></testcase><testcase classname="tests.compatibility.core_operations.test_requirements" name="test_must_requirement[CORE-SEND-003-grpc]" time="0.000"><skipped type="pytest.skip" message="Transport 'grpc' not configured (filtered by --transport)"><zeroclaw-workspace>/.context/standards/tools/a2a-tck/tests/compatibility/core_operations/test_requirements.py:177: Transport 'grpc' not configured (filtered by --transport)</skipped></testcase><testcase classname="tests.compatibility.core_operations.test_requirements" name="test_must_requirement[CORE-SEND-003-jsonrpc]" time="0.001"><failure message="json.decoder.JSONDecodeError: Expecting value: line 1 column 1 (char 0)">tests/compatibility/core_operations/test_requirements.py:179: in test_must_requirement
    response = execute_operation(client, requirement)
               ^^^^^^^^^^^^^^^^^^^^^^^^^^^^^^^^^^^^^^
tck/transport/dispatch.py:186: in execute_operation
    return method(*args, **kwargs)
           ^^^^^^^^^^^^^^^^^^^^^^^
tck/transport/jsonrpc_client.py:191: in send_message
    return self._call(OperationType.SEND_MESSAGE.value, params)
           ^^^^^^^^^^^^^^^^^^^^^^^^^^^^^^^^^^^^^^^^^^^^^^^^^^^^
tck/transport/jsonrpc_client.py:109: in _call
    body = response.json()
           ^^^^^^^^^^^^^^^
.venv/lib/python3.13/site-packages/httpx/_models.py:832: in json
    return jsonlib.loads(self.content, **kwargs)
           ^^^^^^^^^^^^^^^^^^^^^^^^^^^^^^^^^^^^^
<home>/miniconda3/lib/python3.13/json/__init__.py:346: in loads
    return _default_decoder.decode(s)
           ^^^^^^^^^^^^^^^^^^^^^^^^^^
<home>/miniconda3/lib/python3.13/json/decoder.py:345: in decode
    obj, end = self.raw_decode(s, idx=_w(s, 0).end())
               ^^^^^^^^^^^^^^^^^^^^^^^^^^^^^^^^^^^^^^
<home>/miniconda3/lib/python3.13/json/decoder.py:363: in raw_decode
    raise JSONDecodeError("Expecting value", s, err.value) from None
E   json.decoder.JSONDecodeError: Expecting value: line 1 column 1 (char 0)</failure></testcase><testcase classname="tests.compatibility.core_operations.test_requirements" name="test_must_requirement[CORE-SEND-003-http_json]" time="0.001"><skipped type="pytest.skip" message="Transport 'http_json' not configured (filtered by --transport)"><zeroclaw-workspace>/.context/standards/tools/a2a-tck/tests/compatibility/core_operations/test_requirements.py:177: Transport 'http_json' not configured (filtered by --transport)</skipped></testcase><testcase classname="tests.compatibility.core_operations.test_requirements" name="test_must_requirement[CORE-STREAM-001-grpc]" time="0.000"><skipped type="pytest.skip" message="Agent card does not declare capabilities for: ['streaming']"><zeroclaw-workspace>/.context/standards/tools/a2a-tck/tests/compatibility/core_operations/test_requirements.py:58: Agent card does not declare capabilities for: ['streaming']</skipped></testcase><testcase classname="tests.compatibility.core_operations.test_requirements" name="test_must_requirement[CORE-STREAM-001-jsonrpc]" time="0.000"><skipped type="pytest.skip" message="Agent card does not declare capabilities for: ['streaming']"><zeroclaw-workspace>/.context/standards/tools/a2a-tck/tests/compatibility/core_operations/test_requirements.py:58: Agent card does not declare capabilities for: ['streaming']</skipped></testcase><testcase classname="tests.compatibility.core_operations.test_requirements" name="test_must_requirement[CORE-STREAM-001-http_json]" time="0.000"><skipped type="pytest.skip" message="Agent card does not declare capabilities for: ['streaming']"><zeroclaw-workspace>/.context/standards/tools/a2a-tck/tests/compatibility/core_operations/test_requirements.py:58: Agent card does not declare capabilities for: ['streaming']</skipped></testcase><testcase classname="tests.compatibility.core_operations.test_requirements" name="test_must_requirement[CORE-STREAM-002-grpc]" time="0.000"><skipped type="pytest.skip" message="Agent card does not declare capabilities for: ['streaming']"><zeroclaw-workspace>/.context/standards/tools/a2a-tck/tests/compatibility/core_operations/test_requirements.py:58: Agent card does not declare capabilities for: ['streaming']</skipped></testcase><testcase classname="tests.compatibility.core_operations.test_requirements" name="test_must_requirement[CORE-STREAM-002-jsonrpc]" time="0.000"><skipped type="pytest.skip" message="Agent card does not declare capabilities for: ['streaming']"><zeroclaw-workspace>/.context/standards/tools/a2a-tck/tests/compatibility/core_operations/test_requirements.py:58: Agent card does not declare capabilities for: ['streaming']</skipped></testcase><testcase classname="tests.compatibility.core_operations.test_requirements" name="test_must_requirement[CORE-STREAM-002-http_json]" time="0.000"><skipped type="pytest.skip" message="Agent card does not declare capabilities for: ['streaming']"><zeroclaw-workspace>/.context/standards/tools/a2a-tck/tests/compatibility/core_operations/test_requirements.py:58: Agent card does not declare capabilities for: ['streaming']</skipped></testcase><testcase classname="tests.compatibility.core_operations.test_requirements" name="test_must_requirement[CORE-STREAM-003-grpc]" time="0.000"><skipped type="pytest.skip" message="Agent card does not declare capabilities for: ['streaming']"><zeroclaw-workspace>/.context/standards/tools/a2a-tck/tests/compatibility/core_operations/test_requirements.py:58: Agent card does not declare capabilities for: ['streaming']</skipped></testcase><testcase classname="tests.compatibility.core_operations.test_requirements" name="test_must_requirement[CORE-STREAM-003-jsonrpc]" time="0.000"><skipped type="pytest.skip" message="Agent card does not declare capabilities for: ['streaming']"><zeroclaw-workspace>/.context/standards/tools/a2a-tck/tests/compatibility/core_operations/test_requirements.py:58: Agent card does not declare capabilities for: ['streaming']</skipped></testcase><testcase classname="tests.compatibility.core_operations.test_requirements" name="test_must_requirement[CORE-STREAM-003-http_json]" time="0.000"><skipped type="pytest.skip" message="Agent card does not declare capabilities for: ['streaming']"><zeroclaw-workspace>/.context/standards/tools/a2a-tck/tests/compatibility/core_operations/test_requirements.py:58: Agent card does not declare capabilities for: ['streaming']</skipped></testcase><testcase classname="tests.compatibility.core_operations.test_requirements" name="test_must_requirement[CORE-GET-002-grpc]" time="0.000"><skipped type="pytest.skip" message="Transport 'grpc' not configured (filtered by --transport)"><zeroclaw-workspace>/.context/standards/tools/a2a-tck/tests/compatibility/core_operations/test_requirements.py:177: Transport 'grpc' not configured (filtered by --transport)</skipped></testcase><testcase classname="tests.compatibility.core_operations.test_requirements" name="test_must_requirement[CORE-GET-002-jsonrpc]" time="0.002"><failure message="json.decoder.JSONDecodeError: Expecting value: line 1 column 1 (char 0)">tests/compatibility/core_operations/test_requirements.py:179: in test_must_requirement
    response = execute_operation(client, requirement)
               ^^^^^^^^^^^^^^^^^^^^^^^^^^^^^^^^^^^^^^
tck/transport/dispatch.py:186: in execute_operation
    return method(*args, **kwargs)
           ^^^^^^^^^^^^^^^^^^^^^^^
tck/transport/jsonrpc_client.py:212: in get_task
    return self._call(OperationType.GET_TASK.value, params)
           ^^^^^^^^^^^^^^^^^^^^^^^^^^^^^^^^^^^^^^^^^^^^^^^^
tck/transport/jsonrpc_client.py:109: in _call
    body = response.json()
           ^^^^^^^^^^^^^^^
.venv/lib/python3.13/site-packages/httpx/_models.py:832: in json
    return jsonlib.loads(self.content, **kwargs)
           ^^^^^^^^^^^^^^^^^^^^^^^^^^^^^^^^^^^^^
<home>/miniconda3/lib/python3.13/json/__init__.py:346: in loads
    return _default_decoder.decode(s)
           ^^^^^^^^^^^^^^^^^^^^^^^^^^
<home>/miniconda3/lib/python3.13/json/decoder.py:345: in decode
    obj, end = self.raw_decode(s, idx=_w(s, 0).end())
               ^^^^^^^^^^^^^^^^^^^^^^^^^^^^^^^^^^^^^^
<home>/miniconda3/lib/python3.13/json/decoder.py:363: in raw_decode
    raise JSONDecodeError("Expecting value", s, err.value) from None
E   json.decoder.JSONDecodeError: Expecting value: line 1 column 1 (char 0)</failure></testcase><testcase classname="tests.compatibility.core_operations.test_requirements" name="test_must_requirement[CORE-GET-002-http_json]" time="0.001"><skipped type="pytest.skip" message="Transport 'http_json' not configured (filtered by --transport)"><zeroclaw-workspace>/.context/standards/tools/a2a-tck/tests/compatibility/core_operations/test_requirements.py:177: Transport 'http_json' not configured (filtered by --transport)</skipped></testcase><testcase classname="tests.compatibility.core_operations.test_requirements" name="test_must_requirement[CORE-LIST-001-grpc]" time="0.000"><skipped type="pytest.skip" message="Transport 'grpc' not configured (filtered by --transport)"><zeroclaw-workspace>/.context/standards/tools/a2a-tck/tests/compatibility/core_operations/test_requirements.py:177: Transport 'grpc' not configured (filtered by --transport)</skipped></testcase><testcase classname="tests.compatibility.core_operations.test_requirements" name="test_must_requirement[CORE-LIST-001-jsonrpc]" time="0.002"><failure message="json.decoder.JSONDecodeError: Expecting value: line 1 column 1 (char 0)">tests/compatibility/core_operations/test_requirements.py:179: in test_must_requirement
    response = execute_operation(client, requirement)
               ^^^^^^^^^^^^^^^^^^^^^^^^^^^^^^^^^^^^^^
tck/transport/dispatch.py:186: in execute_operation
    return method(*args, **kwargs)
           ^^^^^^^^^^^^^^^^^^^^^^^
tck/transport/jsonrpc_client.py:235: in list_tasks
    return self._call(OperationType.LIST_TASKS.value, params)
           ^^^^^^^^^^^^^^^^^^^^^^^^^^^^^^^^^^^^^^^^^^^^^^^^^^
tck/transport/jsonrpc_client.py:109: in _call
    body = response.json()
           ^^^^^^^^^^^^^^^
.venv/lib/python3.13/site-packages/httpx/_models.py:832: in json
    return jsonlib.loads(self.content, **kwargs)
           ^^^^^^^^^^^^^^^^^^^^^^^^^^^^^^^^^^^^^
<home>/miniconda3/lib/python3.13/json/__init__.py:346: in loads
    return _default_decoder.decode(s)
           ^^^^^^^^^^^^^^^^^^^^^^^^^^
<home>/miniconda3/lib/python3.13/json/decoder.py:345: in decode
    obj, end = self.raw_decode(s, idx=_w(s, 0).end())
               ^^^^^^^^^^^^^^^^^^^^^^^^^^^^^^^^^^^^^^
<home>/miniconda3/lib/python3.13/json/decoder.py:363: in raw_decode
    raise JSONDecodeError("Expecting value", s, err.value) from None
E   json.decoder.JSONDecodeError: Expecting value: line 1 column 1 (char 0)</failure></testcase><testcase classname="tests.compatibility.core_operations.test_requirements" name="test_must_requirement[CORE-LIST-001-http_json]" time="0.001"><skipped type="pytest.skip" message="Transport 'http_json' not configured (filtered by --transport)"><zeroclaw-workspace>/.context/standards/tools/a2a-tck/tests/compatibility/core_operations/test_requirements.py:177: Transport 'http_json' not configured (filtered by --transport)</skipped></testcase><testcase classname="tests.compatibility.core_operations.test_requirements" name="test_must_requirement[CORE-LIST-002-grpc]" time="0.001"><skipped type="pytest.skip" message="Transport 'grpc' not configured (filtered by --transport)"><zeroclaw-workspace>/.context/standards/tools/a2a-tck/tests/compatibility/core_operations/test_requirements.py:177: Transport 'grpc' not configured (filtered by --transport)</skipped></testcase><testcase classname="tests.compatibility.core_operations.test_requirements" name="test_must_requirement[CORE-LIST-002-jsonrpc]" time="0.002"><failure message="json.decoder.JSONDecodeError: Expecting value: line 1 column 1 (char 0)">tests/compatibility/core_operations/test_requirements.py:179: in test_must_requirement
    response = execute_operation(client, requirement)
               ^^^^^^^^^^^^^^^^^^^^^^^^^^^^^^^^^^^^^^
tck/transport/dispatch.py:186: in execute_operation
    return method(*args, **kwargs)
           ^^^^^^^^^^^^^^^^^^^^^^^
tck/transport/jsonrpc_client.py:235: in list_tasks
    return self._call(OperationType.LIST_TASKS.value, params)
           ^^^^^^^^^^^^^^^^^^^^^^^^^^^^^^^^^^^^^^^^^^^^^^^^^^
tck/transport/jsonrpc_client.py:109: in _call
    body = response.json()
           ^^^^^^^^^^^^^^^
.venv/lib/python3.13/site-packages/httpx/_models.py:832: in json
    return jsonlib.loads(self.content, **kwargs)
           ^^^^^^^^^^^^^^^^^^^^^^^^^^^^^^^^^^^^^
<home>/miniconda3/lib/python3.13/json/__init__.py:346: in loads
    return _default_decoder.decode(s)
           ^^^^^^^^^^^^^^^^^^^^^^^^^^
<home>/miniconda3/lib/python3.13/json/decoder.py:345: in decode
    obj, end = self.raw_decode(s, idx=_w(s, 0).end())
               ^^^^^^^^^^^^^^^^^^^^^^^^^^^^^^^^^^^^^^
<home>/miniconda3/lib/python3.13/json/decoder.py:363: in raw_decode
    raise JSONDecodeError("Expecting value", s, err.value) from None
E   json.decoder.JSONDecodeError: Expecting value: line 1 column 1 (char 0)</failure></testcase><testcase classname="tests.compatibility.core_operations.test_requirements" name="test_must_requirement[CORE-LIST-002-http_json]" time="0.001"><skipped type="pytest.skip" message="Transport 'http_json' not configured (filtered by --transport)"><zeroclaw-workspace>/.context/standards/tools/a2a-tck/tests/compatibility/core_operations/test_requirements.py:177: Transport 'http_json' not configured (filtered by --transport)</skipped></testcase><testcase classname="tests.compatibility.core_operations.test_requirements" name="test_must_requirement[CORE-LIST-003-grpc]" time="0.000"><skipped type="pytest.skip" message="Transport 'grpc' not configured (filtered by --transport)"><zeroclaw-workspace>/.context/standards/tools/a2a-tck/tests/compatibility/core_operations/test_requirements.py:177: Transport 'grpc' not configured (filtered by --transport)</skipped></testcase><testcase classname="tests.compatibility.core_operations.test_requirements" name="test_must_requirement[CORE-LIST-003-jsonrpc]" time="0.002"><failure message="json.decoder.JSONDecodeError: Expecting value: line 1 column 1 (char 0)">tests/compatibility/core_operations/test_requirements.py:179: in test_must_requirement
    response = execute_operation(client, requirement)
               ^^^^^^^^^^^^^^^^^^^^^^^^^^^^^^^^^^^^^^
tck/transport/dispatch.py:186: in execute_operation
    return method(*args, **kwargs)
           ^^^^^^^^^^^^^^^^^^^^^^^
tck/transport/jsonrpc_client.py:235: in list_tasks
    return self._call(OperationType.LIST_TASKS.value, params)
           ^^^^^^^^^^^^^^^^^^^^^^^^^^^^^^^^^^^^^^^^^^^^^^^^^^
tck/transport/jsonrpc_client.py:109: in _call
    body = response.json()
           ^^^^^^^^^^^^^^^
.venv/lib/python3.13/site-packages/httpx/_models.py:832: in json
    return jsonlib.loads(self.content, **kwargs)
           ^^^^^^^^^^^^^^^^^^^^^^^^^^^^^^^^^^^^^
<home>/miniconda3/lib/python3.13/json/__init__.py:346: in loads
    return _default_decoder.decode(s)
           ^^^^^^^^^^^^^^^^^^^^^^^^^^
<home>/miniconda3/lib/python3.13/json/decoder.py:345: in decode
    obj, end = self.raw_decode(s, idx=_w(s, 0).end())
               ^^^^^^^^^^^^^^^^^^^^^^^^^^^^^^^^^^^^^^
<home>/miniconda3/lib/python3.13/json/decoder.py:363: in raw_decode
    raise JSONDecodeError("Expecting value", s, err.value) from None
E   json.decoder.JSONDecodeError: Expecting value: line 1 column 1 (char 0)</failure></testcase><testcase classname="tests.compatibility.core_operations.test_requirements" name="test_must_requirement[CORE-LIST-003-http_json]" time="0.001"><skipped type="pytest.skip" message="Transport 'http_json' not configured (filtered by --transport)"><zeroclaw-workspace>/.context/standards/tools/a2a-tck/tests/compatibility/core_operations/test_requirements.py:177: Transport 'http_json' not configured (filtered by --transport)</skipped></testcase><testcase classname="tests.compatibility.core_operations.test_requirements" name="test_must_requirement[CORE-LIST-004-grpc]" time="0.000"><skipped type="pytest.skip" message="Transport 'grpc' not configured (filtered by --transport)"><zeroclaw-workspace>/.context/standards/tools/a2a-tck/tests/compatibility/core_operations/test_requirements.py:177: Transport 'grpc' not configured (filtered by --transport)</skipped></testcase><testcase classname="tests.compatibility.core_operations.test_requirements" name="test_must_requirement[CORE-LIST-004-jsonrpc]" time="0.002"><failure message="json.decoder.JSONDecodeError: Expecting value: line 1 column 1 (char 0)">tests/compatibility/core_operations/test_requirements.py:179: in test_must_requirement
    response = execute_operation(client, requirement)
               ^^^^^^^^^^^^^^^^^^^^^^^^^^^^^^^^^^^^^^
tck/transport/dispatch.py:186: in execute_operation
    return method(*args, **kwargs)
           ^^^^^^^^^^^^^^^^^^^^^^^
tck/transport/jsonrpc_client.py:235: in list_tasks
    return self._call(OperationType.LIST_TASKS.value, params)
           ^^^^^^^^^^^^^^^^^^^^^^^^^^^^^^^^^^^^^^^^^^^^^^^^^^
tck/transport/jsonrpc_client.py:109: in _call
    body = response.json()
           ^^^^^^^^^^^^^^^
.venv/lib/python3.13/site-packages/httpx/_models.py:832: in json
    return jsonlib.loads(self.content, **kwargs)
           ^^^^^^^^^^^^^^^^^^^^^^^^^^^^^^^^^^^^^
<home>/miniconda3/lib/python3.13/json/__init__.py:346: in loads
    return _default_decoder.decode(s)
           ^^^^^^^^^^^^^^^^^^^^^^^^^^
<home>/miniconda3/lib/python3.13/json/decoder.py:345: in decode
    obj, end = self.raw_decode(s, idx=_w(s, 0).end())
               ^^^^^^^^^^^^^^^^^^^^^^^^^^^^^^^^^^^^^^
<home>/miniconda3/lib/python3.13/json/decoder.py:363: in raw_decode
    raise JSONDecodeError("Expecting value", s, err.value) from None
E   json.decoder.JSONDecodeError: Expecting value: line 1 column 1 (char 0)</failure></testcase><testcase classname="tests.compatibility.core_operations.test_requirements" name="test_must_requirement[CORE-LIST-004-http_json]" time="0.001"><skipped type="pytest.skip" message="Transport 'http_json' not configured (filtered by --transport)"><zeroclaw-workspace>/.context/standards/tools/a2a-tck/tests/compatibility/core_operations/test_requirements.py:177: Transport 'http_json' not configured (filtered by --transport)</skipped></testcase><testcase classname="tests.compatibility.core_operations.test_requirements" name="test_must_requirement[CORE-LIST-005-grpc]" time="0.000"><skipped type="pytest.skip" message="Transport 'grpc' not configured (filtered by --transport)"><zeroclaw-workspace>/.context/standards/tools/a2a-tck/tests/compatibility/core_operations/test_requirements.py:177: Transport 'grpc' not configured (filtered by --transport)</skipped></testcase><testcase classname="tests.compatibility.core_operations.test_requirements" name="test_must_requirement[CORE-LIST-005-jsonrpc]" time="0.002"><failure message="json.decoder.JSONDecodeError: Expecting value: line 1 column 1 (char 0)">tests/compatibility/core_operations/test_requirements.py:179: in test_must_requirement
    response = execute_operation(client, requirement)
               ^^^^^^^^^^^^^^^^^^^^^^^^^^^^^^^^^^^^^^
tck/transport/dispatch.py:186: in execute_operation
    return method(*args, **kwargs)
           ^^^^^^^^^^^^^^^^^^^^^^^
tck/transport/jsonrpc_client.py:235: in list_tasks
    return self._call(OperationType.LIST_TASKS.value, params)
           ^^^^^^^^^^^^^^^^^^^^^^^^^^^^^^^^^^^^^^^^^^^^^^^^^^
tck/transport/jsonrpc_client.py:109: in _call
    body = response.json()
           ^^^^^^^^^^^^^^^
.venv/lib/python3.13/site-packages/httpx/_models.py:832: in json
    return jsonlib.loads(self.content, **kwargs)
           ^^^^^^^^^^^^^^^^^^^^^^^^^^^^^^^^^^^^^
<home>/miniconda3/lib/python3.13/json/__init__.py:346: in loads
    return _default_decoder.decode(s)
           ^^^^^^^^^^^^^^^^^^^^^^^^^^
<home>/miniconda3/lib/python3.13/json/decoder.py:345: in decode
    obj, end = self.raw_decode(s, idx=_w(s, 0).end())
               ^^^^^^^^^^^^^^^^^^^^^^^^^^^^^^^^^^^^^^
<home>/miniconda3/lib/python3.13/json/decoder.py:363: in raw_decode
    raise JSONDecodeError("Expecting value", s, err.value) from None
E   json.decoder.JSONDecodeError: Expecting value: line 1 column 1 (char 0)</failure></testcase><testcase classname="tests.compatibility.core_operations.test_requirements" name="test_must_requirement[CORE-LIST-005-http_json]" time="0.001"><skipped type="pytest.skip" message="Transport 'http_json' not configured (filtered by --transport)"><zeroclaw-workspace>/.context/standards/tools/a2a-tck/tests/compatibility/core_operations/test_requirements.py:177: Transport 'http_json' not configured (filtered by --transport)</skipped></testcase><testcase classname="tests.compatibility.core_operations.test_requirements" name="test_must_requirement[CORE-CANCEL-003-grpc]" time="0.000"><skipped type="pytest.skip" message="Transport 'grpc' not configured (filtered by --transport)"><zeroclaw-workspace>/.context/standards/tools/a2a-tck/tests/compatibility/core_operations/test_requirements.py:177: Transport 'grpc' not configured (filtered by --transport)</skipped></testcase><testcase classname="tests.compatibility.core_operations.test_requirements" name="test_must_requirement[CORE-CANCEL-003-jsonrpc]" time="0.002"><failure message="json.decoder.JSONDecodeError: Expecting value: line 1 column 1 (char 0)">tests/compatibility/core_operations/test_requirements.py:179: in test_must_requirement
    response = execute_operation(client, requirement)
               ^^^^^^^^^^^^^^^^^^^^^^^^^^^^^^^^^^^^^^
tck/transport/dispatch.py:186: in execute_operation
    return method(*args, **kwargs)
           ^^^^^^^^^^^^^^^^^^^^^^^
tck/transport/jsonrpc_client.py:239: in cancel_task
    return self._call(OperationType.CANCEL_TASK.value, {"id": id})
           ^^^^^^^^^^^^^^^^^^^^^^^^^^^^^^^^^^^^^^^^^^^^^^^^^^^^^^^
tck/transport/jsonrpc_client.py:109: in _call
    body = response.json()
           ^^^^^^^^^^^^^^^
.venv/lib/python3.13/site-packages/httpx/_models.py:832: in json
    return jsonlib.loads(self.content, **kwargs)
           ^^^^^^^^^^^^^^^^^^^^^^^^^^^^^^^^^^^^^
<home>/miniconda3/lib/python3.13/json/__init__.py:346: in loads
    return _default_decoder.decode(s)
           ^^^^^^^^^^^^^^^^^^^^^^^^^^
<home>/miniconda3/lib/python3.13/json/decoder.py:345: in decode
    obj, end = self.raw_decode(s, idx=_w(s, 0).end())
               ^^^^^^^^^^^^^^^^^^^^^^^^^^^^^^^^^^^^^^
<home>/miniconda3/lib/python3.13/json/decoder.py:363: in raw_decode
    raise JSONDecodeError("Expecting value", s, err.value) from None
E   json.decoder.JSONDecodeError: Expecting value: line 1 column 1 (char 0)</failure></testcase><testcase classname="tests.compatibility.core_operations.test_requirements" name="test_must_requirement[CORE-CANCEL-003-http_json]" time="0.001"><skipped type="pytest.skip" message="Transport 'http_json' not configured (filtered by --transport)"><zeroclaw-workspace>/.context/standards/tools/a2a-tck/tests/compatibility/core_operations/test_requirements.py:177: Transport 'http_json' not configured (filtered by --transport)</skipped></testcase><testcase classname="tests.compatibility.core_operations.test_requirements" name="test_must_requirement[CORE-EXECUTION-MODE-001-grpc]" time="0.001"><skipped type="pytest.skip" message="Transport 'grpc' not configured (filtered by --transport)"><zeroclaw-workspace>/.context/standards/tools/a2a-tck/tests/compatibility/core_operations/test_requirements.py:177: Transport 'grpc' not configured (filtered by --transport)</skipped></testcase><testcase classname="tests.compatibility.core_operations.test_requirements" name="test_must_requirement[CORE-EXECUTION-MODE-001-jsonrpc]" time="0.002"><failure message="json.decoder.JSONDecodeError: Expecting value: line 1 column 1 (char 0)">tests/compatibility/core_operations/test_requirements.py:179: in test_must_requirement
    response = execute_operation(client, requirement)
               ^^^^^^^^^^^^^^^^^^^^^^^^^^^^^^^^^^^^^^
tck/transport/dispatch.py:186: in execute_operation
    return method(*args, **kwargs)
           ^^^^^^^^^^^^^^^^^^^^^^^
tck/transport/jsonrpc_client.py:191: in send_message
    return self._call(OperationType.SEND_MESSAGE.value, params)
           ^^^^^^^^^^^^^^^^^^^^^^^^^^^^^^^^^^^^^^^^^^^^^^^^^^^^
tck/transport/jsonrpc_client.py:109: in _call
    body = response.json()
           ^^^^^^^^^^^^^^^
.venv/lib/python3.13/site-packages/httpx/_models.py:832: in json
    return jsonlib.loads(self.content, **kwargs)
           ^^^^^^^^^^^^^^^^^^^^^^^^^^^^^^^^^^^^^
<home>/miniconda3/lib/python3.13/json/__init__.py:346: in loads
    return _default_decoder.decode(s)
           ^^^^^^^^^^^^^^^^^^^^^^^^^^
<home>/miniconda3/lib/python3.13/json/decoder.py:345: in decode
    obj, end = self.raw_decode(s, idx=_w(s, 0).end())
               ^^^^^^^^^^^^^^^^^^^^^^^^^^^^^^^^^^^^^^
<home>/miniconda3/lib/python3.13/json/decoder.py:363: in raw_decode
    raise JSONDecodeError("Expecting value", s, err.value) from None
E   json.decoder.JSONDecodeError: Expecting value: line 1 column 1 (char 0)</failure></testcase><testcase classname="tests.compatibility.core_operations.test_requirements" name="test_must_requirement[CORE-EXECUTION-MODE-001-http_json]" time="0.001"><skipped type="pytest.skip" message="Transport 'http_json' not configured (filtered by --transport)"><zeroclaw-workspace>/.context/standards/tools/a2a-tck/tests/compatibility/core_operations/test_requirements.py:177: Transport 'http_json' not configured (filtered by --transport)</skipped></testcase><testcase classname="tests.compatibility.core_operations.test_requirements" name="test_must_requirement[CORE-EXECUTION-MODE-002-grpc]" time="0.000"><skipped type="pytest.skip" message="Transport 'grpc' not configured (filtered by --transport)"><zeroclaw-workspace>/.context/standards/tools/a2a-tck/tests/compatibility/core_operations/test_requirements.py:177: Transport 'grpc' not configured (filtered by --transport)</skipped></testcase><testcase classname="tests.compatibility.core_operations.test_requirements" name="test_must_requirement[CORE-EXECUTION-MODE-002-jsonrpc]" time="0.002"><failure message="json.decoder.JSONDecodeError: Expecting value: line 1 column 1 (char 0)">tests/compatibility/core_operations/test_requirements.py:179: in test_must_requirement
    response = execute_operation(client, requirement)
               ^^^^^^^^^^^^^^^^^^^^^^^^^^^^^^^^^^^^^^
tck/transport/dispatch.py:186: in execute_operation
    return method(*args, **kwargs)
           ^^^^^^^^^^^^^^^^^^^^^^^
tck/transport/jsonrpc_client.py:191: in send_message
    return self._call(OperationType.SEND_MESSAGE.value, params)
           ^^^^^^^^^^^^^^^^^^^^^^^^^^^^^^^^^^^^^^^^^^^^^^^^^^^^
tck/transport/jsonrpc_client.py:109: in _call
    body = response.json()
           ^^^^^^^^^^^^^^^
.venv/lib/python3.13/site-packages/httpx/_models.py:832: in json
    return jsonlib.loads(self.content, **kwargs)
           ^^^^^^^^^^^^^^^^^^^^^^^^^^^^^^^^^^^^^
<home>/miniconda3/lib/python3.13/json/__init__.py:346: in loads
    return _default_decoder.decode(s)
           ^^^^^^^^^^^^^^^^^^^^^^^^^^
<home>/miniconda3/lib/python3.13/json/decoder.py:345: in decode
    obj, end = self.raw_decode(s, idx=_w(s, 0).end())
               ^^^^^^^^^^^^^^^^^^^^^^^^^^^^^^^^^^^^^^
<home>/miniconda3/lib/python3.13/json/decoder.py:363: in raw_decode
    raise JSONDecodeError("Expecting value", s, err.value) from None
[...]
    response = client.get_task(id=tck_id("nonexistent-error-code-001"))
               ^^^^^^^^^^^^^^^^^^^^^^^^^^^^^^^^^^^^^^^^^^^^^^^^^^^^^^^^
tck/transport/jsonrpc_client.py:212: in get_task
    return self._call(OperationType.GET_TASK.value, params)
           ^^^^^^^^^^^^^^^^^^^^^^^^^^^^^^^^^^^^^^^^^^^^^^^^
tck/transport/jsonrpc_client.py:109: in _call
    body = response.json()
           ^^^^^^^^^^^^^^^
.venv/lib/python3.13/site-packages/httpx/_models.py:832: in json
    return jsonlib.loads(self.content, **kwargs)
           ^^^^^^^^^^^^^^^^^^^^^^^^^^^^^^^^^^^^^
<home>/miniconda3/lib/python3.13/json/__init__.py:346: in loads
    return _default_decoder.decode(s)
           ^^^^^^^^^^^^^^^^^^^^^^^^^^
<home>/miniconda3/lib/python3.13/json/decoder.py:345: in decode
    obj, end = self.raw_decode(s, idx=_w(s, 0).end())
               ^^^^^^^^^^^^^^^^^^^^^^^^^^^^^^^^^^^^^^
<home>/miniconda3/lib/python3.13/json/decoder.py:363: in raw_decode
    raise JSONDecodeError("Expecting value", s, err.value) from None
E   json.decoder.JSONDecodeError: Expecting value: line 1 column 1 (char 0)</failure></testcase><testcase classname="tests.compatibility.jsonrpc.test_error_codes.TestJsonRpcErrorCodeMappings" name="test_task_not_cancelable_error" time="0.002"><failure message="json.decoder.JSONDecodeError: Expecting value: line 1 column 1 (char 0)">tests/compatibility/jsonrpc/test_error_codes.py:114: in test_task_not_cancelable_error
    response = client.cancel_task(id=tck_id("nonexistent-error-code-002"))
               ^^^^^^^^^^^^^^^^^^^^^^^^^^^^^^^^^^^^^^^^^^^^^^^^^^^^^^^^^^^
tck/transport/jsonrpc_client.py:239: in cancel_task
    return self._call(OperationType.CANCEL_TASK.value, {"id": id})
           ^^^^^^^^^^^^^^^^^^^^^^^^^^^^^^^^^^^^^^^^^^^^^^^^^^^^^^^
tck/transport/jsonrpc_client.py:109: in _call
    body = response.json()
           ^^^^^^^^^^^^^^^
.venv/lib/python3.13/site-packages/httpx/_models.py:832: in json
    return jsonlib.loads(self.content, **kwargs)
           ^^^^^^^^^^^^^^^^^^^^^^^^^^^^^^^^^^^^^
<home>/miniconda3/lib/python3.13/json/__init__.py:346: in loads
    return _default_decoder.decode(s)
           ^^^^^^^^^^^^^^^^^^^^^^^^^^
<home>/miniconda3/lib/python3.13/json/decoder.py:345: in decode
    obj, end = self.raw_decode(s, idx=_w(s, 0).end())
               ^^^^^^^^^^^^^^^^^^^^^^^^^^^^^^^^^^^^^^
<home>/miniconda3/lib/python3.13/json/decoder.py:363: in raw_decode
    raise JSONDecodeError("Expecting value", s, err.value) from None
E   json.decoder.JSONDecodeError: Expecting value: line 1 column 1 (char 0)</failure></testcase><testcase classname="tests.compatibility.jsonrpc.test_error_codes.TestJsonRpcErrorCodeMappings" name="test_push_notification_not_supported_error" time="0.002"><failure message="json.decoder.JSONDecodeError: Expecting value: line 1 column 1 (char 0)">tests/compatibility/jsonrpc/test_error_codes.py:150: in test_push_notification_not_supported_error
    response = client.create_push_notification_config(
tck/transport/jsonrpc_client.py:252: in create_push_notification_config
    return self._call(OperationType.CREATE_PUSH_CONFIG.value, params)
           ^^^^^^^^^^^^^^^^^^^^^^^^^^^^^^^^^^^^^^^^^^^^^^^^^^^^^^^^^^
tck/transport/jsonrpc_client.py:109: in _call
    body = response.json()
           ^^^^^^^^^^^^^^^
.venv/lib/python3.13/site-packages/httpx/_models.py:832: in json
    return jsonlib.loads(self.content, **kwargs)
           ^^^^^^^^^^^^^^^^^^^^^^^^^^^^^^^^^^^^^
<home>/miniconda3/lib/python3.13/json/__init__.py:346: in loads
    return _default_decoder.decode(s)
           ^^^^^^^^^^^^^^^^^^^^^^^^^^
<home>/miniconda3/lib/python3.13/json/decoder.py:345: in decode
    obj, end = self.raw_decode(s, idx=_w(s, 0).end())
               ^^^^^^^^^^^^^^^^^^^^^^^^^^^^^^^^^^^^^^
<home>/miniconda3/lib/python3.13/json/decoder.py:363: in raw_decode
    raise JSONDecodeError("Expecting value", s, err.value) from None
E   json.decoder.JSONDecodeError: Expecting value: line 1 column 1 (char 0)</failure></testcase><testcase classname="tests.compatibility.jsonrpc.test_error_codes.TestJsonRpcErrorCodeMappings" name="test_unsupported_operation_error" time="0.026"><failure message="AssertionError: JSONRPC-SSE-002 [A2A error types mapped to correct JSON-RPC error codes] failed on jsonrpc: Error code mismatch: expected UnsupportedOperationError (-32004), got MethodNotFoundError (-32601) (see specification/specification.md#54-error-code-mappings)">tests/compatibility/jsonrpc/test_error_codes.py:194: in test_unsupported_operation_error
    assert_and_record(compatibility_collector, req, transport, errors)
tests/compatibility/_test_helpers.py:59: in assert_and_record
    assert passed, fail_msg(req, transport, "; ".join(errors))
           ^^^^^^
E   AssertionError: JSONRPC-SSE-002 [A2A error types mapped to correct JSON-RPC error codes] failed on jsonrpc: Error code mismatch: expected UnsupportedOperationError (-32004), got MethodNotFoundError (-32601) (see specification/specification.md#54-error-code-mappings)</failure></testcase><testcase classname="tests.compatibility.jsonrpc.test_error_codes.TestJsonRpcErrorCodeMappings" name="test_content_type_not_supported_error" time="0.025"><failure message="AssertionError: JSONRPC-SSE-002 [A2A error types mapped to correct JSON-RPC error codes] failed on jsonrpc: Error code mismatch: expected ContentTypeNotSupportedError (-32005), got ParseError (-32700) (see specification/specification.md#54-error-code-mappings)">tests/compatibility/jsonrpc/test_error_codes.py:243: in test_content_type_not_supported_error
    assert_and_record(compatibility_collector, req, transport, errors)
tests/compatibility/_test_helpers.py:59: in assert_and_record
    assert passed, fail_msg(req, transport, "; ".join(errors))
           ^^^^^^
E   AssertionError: JSONRPC-SSE-002 [A2A error types mapped to correct JSON-RPC error codes] failed on jsonrpc: Error code mismatch: expected ContentTypeNotSupportedError (-32005), got ParseError (-32700) (see specification/specification.md#54-error-code-mappings)</failure></testcase><testcase classname="tests.compatibility.jsonrpc.test_error_codes.TestJsonRpcErrorCodeMappings" name="test_version_not_supported_error" time="0.026"><failure message="AssertionError: JSONRPC-SSE-002 [A2A error types mapped to correct JSON-RPC error codes] failed on jsonrpc: Error code mismatch: expected VersionNotSupportedError (-32009), got MethodNotFoundError (-32601) (see specification/specification.md#54-error-code-mappings)">tests/compatibility/jsonrpc/test_error_codes.py:286: in test_version_not_supported_error
    assert_and_record(compatibility_collector, req, transport, errors)
tests/compatibility/_test_helpers.py:59: in assert_and_record
    assert passed, fail_msg(req, transport, "; ".join(errors))
           ^^^^^^
E   AssertionError: JSONRPC-SSE-002 [A2A error types mapped to correct JSON-RPC error codes] failed on jsonrpc: Error code mismatch: expected VersionNotSupportedError (-32009), got MethodNotFoundError (-32601) (see specification/specification.md#54-error-code-mappings)</failure></testcase><testcase classname="tests.compatibility.jsonrpc.test_error_codes.TestJsonRpcErrorCodeRange" name="test_error_code_in_valid_range[GetTask-nonexistent]" time="0.002"><failure message="json.decoder.JSONDecodeError: Expecting value: line 1 column 1 (char 0)">tests/compatibility/jsonrpc/test_error_codes.py:320: in test_error_code_in_valid_range
    resp = client.get_task(id=tck_id("range-check-001"))
           ^^^^^^^^^^^^^^^^^^^^^^^^^^^^^^^^^^^^^^^^^^^^^
tck/transport/jsonrpc_client.py:212: in get_task
    return self._call(OperationType.GET_TASK.value, params)
           ^^^^^^^^^^^^^^^^^^^^^^^^^^^^^^^^^^^^^^^^^^^^^^^^
tck/transport/jsonrpc_client.py:109: in _call
    body = response.json()
           ^^^^^^^^^^^^^^^
.venv/lib/python3.13/site-packages/httpx/_models.py:832: in json
    return jsonlib.loads(self.content, **kwargs)
           ^^^^^^^^^^^^^^^^^^^^^^^^^^^^^^^^^^^^^
<home>/miniconda3/lib/python3.13/json/__init__.py:346: in loads
    return _default_decoder.decode(s)
           ^^^^^^^^^^^^^^^^^^^^^^^^^^
<home>/miniconda3/lib/python3.13/json/decoder.py:345: in decode
    obj, end = self.raw_decode(s, idx=_w(s, 0).end())
               ^^^^^^^^^^^^^^^^^^^^^^^^^^^^^^^^^^^^^^
<home>/miniconda3/lib/python3.13/json/decoder.py:363: in raw_decode
    raise JSONDecodeError("Expecting value", s, err.value) from None
E   json.decoder.JSONDecodeError: Expecting value: line 1 column 1 (char 0)</failure></testcase><testcase classname="tests.compatibility.jsonrpc.test_error_codes.TestJsonRpcErrorCodeRange" name="test_error_code_in_valid_range[CancelTask-nonexistent]" time="0.002"><failure message="json.decoder.JSONDecodeError: Expecting value: line 1 column 1 (char 0)">tests/compatibility/jsonrpc/test_error_codes.py:323: in test_error_code_in_valid_range
    resp = client.cancel_task(id=tck_id("range-check-002"))
           ^^^^^^^^^^^^^^^^^^^^^^^^^^^^^^^^^^^^^^^^^^^^^^^^
tck/transport/jsonrpc_client.py:239: in cancel_task
    return self._call(OperationType.CANCEL_TASK.value, {"id": id})
           ^^^^^^^^^^^^^^^^^^^^^^^^^^^^^^^^^^^^^^^^^^^^^^^^^^^^^^^
tck/transport/jsonrpc_client.py:109: in _call
    body = response.json()
           ^^^^^^^^^^^^^^^
.venv/lib/python3.13/site-packages/httpx/_models.py:832: in json
    return jsonlib.loads(self.content, **kwargs)
           ^^^^^^^^^^^^^^^^^^^^^^^^^^^^^^^^^^^^^
<home>/miniconda3/lib/python3.13/json/__init__.py:346: in loads
    return _default_decoder.decode(s)
           ^^^^^^^^^^^^^^^^^^^^^^^^^^
<home>/miniconda3/lib/python3.13/json/decoder.py:345: in decode
    obj, end = self.raw_decode(s, idx=_w(s, 0).end())
               ^^^^^^^^^^^^^^^^^^^^^^^^^^^^^^^^^^^^^^
<home>/miniconda3/lib/python3.13/json/decoder.py:363: in raw_decode
    raise JSONDecodeError("Expecting value", s, err.value) from None
E   json.decoder.JSONDecodeError: Expecting value: line 1 column 1 (char 0)</failure></testcase><testcase classname="tests.compatibility.jsonrpc.test_error_codes.TestJsonRpcErrorCodeRange" name="test_error_code_in_valid_range[SendMessage-bad-version]" time="0.024" /><testcase classname="tests.compatibility.jsonrpc.test_error_info.TestJsonRpcErrorInfo" name="test_error_data_is_array" time="0.001"><failure message="json.decoder.JSONDecodeError: Expecting value: line 1 column 1 (char 0)">tests/compatibility/jsonrpc/test_error_info.py:73: in test_error_data_is_array
    body = _get_error_response(client)
           ^^^^^^^^^^^^^^^^^^^^^^^^^^^
tests/compatibility/jsonrpc/test_error_info.py:48: in _get_error_response
    response = client.get_task(id=tck_id("nonexistent-errinfo-001"))
               ^^^^^^^^^^^^^^^^^^^^^^^^^^^^^^^^^^^^^^^^^^^^^^^^^^^^^
tck/transport/jsonrpc_client.py:212: in get_task
    return self._call(OperationType.GET_TASK.value, params)
           ^^^^^^^^^^^^^^^^^^^^^^^^^^^^^^^^^^^^^^^^^^^^^^^^
tck/transport/jsonrpc_client.py:109: in _call
    body = response.json()
           ^^^^^^^^^^^^^^^
.venv/lib/python3.13/site-packages/httpx/_models.py:832: in json
    return jsonlib.loads(self.content, **kwargs)
           ^^^^^^^^^^^^^^^^^^^^^^^^^^^^^^^^^^^^^
<home>/miniconda3/lib/python3.13/json/__init__.py:346: in loads
    return _default_decoder.decode(s)
           ^^^^^^^^^^^^^^^^^^^^^^^^^^
<home>/miniconda3/lib/python3.13/json/decoder.py:345: in decode
    obj, end = self.raw_decode(s, idx=_w(s, 0).end())
               ^^^^^^^^^^^^^^^^^^^^^^^^^^^^^^^^^^^^^^
<home>/miniconda3/lib/python3.13/json/decoder.py:363: in raw_decode
    raise JSONDecodeError("Expecting value", s, err.value) from None
E   json.decoder.JSONDecodeError: Expecting value: line 1 column 1 (char 0)</failure></testcase><testcase classname="tests.compatibility.jsonrpc.test_error_info.TestJsonRpcErrorInfo" name="test_data_contains_error_info" time="0.002"><failure message="json.decoder.JSONDecodeError: Expecting value: line 1 column 1 (char 0)">tests/compatibility/jsonrpc/test_error_info.py:103: in test_data_contains_error_info
    body = _get_error_response(client)
           ^^^^^^^^^^^^^^^^^^^^^^^^^^^
tests/compatibility/jsonrpc/test_error_info.py:48: in _get_error_response
    response = client.get_task(id=tck_id("nonexistent-errinfo-001"))
               ^^^^^^^^^^^^^^^^^^^^^^^^^^^^^^^^^^^^^^^^^^^^^^^^^^^^^
tck/transport/jsonrpc_client.py:212: in get_task
    return self._call(OperationType.GET_TASK.value, params)
           ^^^^^^^^^^^^^^^^^^^^^^^^^^^^^^^^^^^^^^^^^^^^^^^^
tck/transport/jsonrpc_client.py:109: in _call
    body = response.json()
           ^^^^^^^^^^^^^^^
.venv/lib/python3.13/site-packages/httpx/_models.py:832: in json
    return jsonlib.loads(self.content, **kwargs)
           ^^^^^^^^^^^^^^^^^^^^^^^^^^^^^^^^^^^^^
<home>/miniconda3/lib/python3.13/json/__init__.py:346: in loads
    return _default_decoder.decode(s)
           ^^^^^^^^^^^^^^^^^^^^^^^^^^
<home>/miniconda3/lib/python3.13/json/decoder.py:345: in decode
    obj, end = self.raw_decode(s, idx=_w(s, 0).end())
               ^^^^^^^^^^^^^^^^^^^^^^^^^^^^^^^^^^^^^^
<home>/miniconda3/lib/python3.13/json/decoder.py:363: in raw_decode
    raise JSONDecodeError("Expecting value", s, err.value) from None
E   json.decoder.JSONDecodeError: Expecting value: line 1 column 1 (char 0)</failure></testcase><testcase classname="tests.compatibility.jsonrpc.test_error_info.TestJsonRpcErrorInfo" name="test_error_info_valid" time="0.002"><failure message="json.decoder.JSONDecodeError: Expecting value: line 1 column 1 (char 0)">tests/compatibility/jsonrpc/test_error_info.py:135: in test_error_info_valid
    body = _get_error_response(client)
           ^^^^^^^^^^^^^^^^^^^^^^^^^^^
tests/compatibility/jsonrpc/test_error_info.py:48: in _get_error_response
    response = client.get_task(id=tck_id("nonexistent-errinfo-001"))
               ^^^^^^^^^^^^^^^^^^^^^^^^^^^^^^^^^^^^^^^^^^^^^^^^^^^^^
tck/transport/jsonrpc_client.py:212: in get_task
    return self._call(OperationType.GET_TASK.value, params)
           ^^^^^^^^^^^^^^^^^^^^^^^^^^^^^^^^^^^^^^^^^^^^^^^^
tck/transport/jsonrpc_client.py:109: in _call
    body = response.json()
           ^^^^^^^^^^^^^^^
.venv/lib/python3.13/site-packages/httpx/_models.py:832: in json
    return jsonlib.loads(self.content, **kwargs)
           ^^^^^^^^^^^^^^^^^^^^^^^^^^^^^^^^^^^^^
<home>/miniconda3/lib/python3.13/json/__init__.py:346: in loads
    return _default_decoder.decode(s)
           ^^^^^^^^^^^^^^^^^^^^^^^^^^
<home>/miniconda3/lib/python3.13/json/decoder.py:345: in decode
    obj, end = self.raw_decode(s, idx=_w(s, 0).end())
               ^^^^^^^^^^^^^^^^^^^^^^^^^^^^^^^^^^^^^^
<home>/miniconda3/lib/python3.13/json/decoder.py:363: in raw_decode
    raise JSONDecodeError("Expecting value", s, err.value) from None
E   json.decoder.JSONDecodeError: Expecting value: line 1 column 1 (char 0)</failure></testcase><testcase classname="tests.compatibility.jsonrpc.test_error_info.TestJsonRpcErrorInfo" name="test_error_info_reason_matches_condition" time="0.002"><failure message="json.decoder.JSONDecodeError: Expecting value: line 1 column 1 (char 0)">tests/compatibility/jsonrpc/test_error_info.py:161: in test_error_info_reason_matches_condition
    body = _get_error_response(client)
           ^^^^^^^^^^^^^^^^^^^^^^^^^^^
tests/compatibility/jsonrpc/test_error_info.py:48: in _get_error_response
    response = client.get_task(id=tck_id("nonexistent-errinfo-001"))
               ^^^^^^^^^^^^^^^^^^^^^^^^^^^^^^^^^^^^^^^^^^^^^^^^^^^^^
tck/transport/jsonrpc_client.py:212: in get_task
    return self._call(OperationType.GET_TASK.value, params)
           ^^^^^^^^^^^^^^^^^^^^^^^^^^^^^^^^^^^^^^^^^^^^^^^^
tck/transport/jsonrpc_client.py:109: in _call
    body = response.json()
           ^^^^^^^^^^^^^^^
.venv/lib/python3.13/site-packages/httpx/_models.py:832: in json
    return jsonlib.loads(self.content, **kwargs)
           ^^^^^^^^^^^^^^^^^^^^^^^^^^^^^^^^^^^^^
<home>/miniconda3/lib/python3.13/json/__init__.py:346: in loads
    return _default_decoder.decode(s)
           ^^^^^^^^^^^^^^^^^^^^^^^^^^
<home>/miniconda3/lib/python3.13/json/decoder.py:345: in decode
    obj, end = self.raw_decode(s, idx=_w(s, 0).end())
               ^^^^^^^^^^^^^^^^^^^^^^^^^^^^^^^^^^^^^^
<home>/miniconda3/lib/python3.13/json/decoder.py:363: in raw_decode
    raise JSONDecodeError("Expecting value", s, err.value) from None
E   json.decoder.JSONDecodeError: Expecting value: line 1 column 1 (char 0)</failure></testcase><testcase classname="tests.compatibility.jsonrpc.test_sse_streaming.TestSseStreamingFormat" name="test_streaming_events_have_jsonrpc_envelope" time="0.001"><skipped type="pytest.skip" message="Agent does not support streaming"><zeroclaw-workspace>/.context/standards/tools/a2a-tck/tests/compatibility/jsonrpc/test_sse_streaming.py:72: Agent does not support streaming</skipped></testcase><testcase classname="tests.compatibility.jsonrpc.test_sse_streaming.TestSseStreamingFormat" name="test_streaming_events_contain_stream_response" time="0.000"><skipped type="pytest.skip" message="Agent does not support streaming"><zeroclaw-workspace>/.context/standards/tools/a2a-tck/tests/compatibility/jsonrpc/test_sse_streaming.py:72: Agent does not support streaming</skipped></testcase><testcase classname="tests.compatibility.jsonrpc.test_sse_streaming.TestSseSubscribeToTask" name="test_subscribe_nonexistent_task_returns_error" time="0.000"><skipped type="pytest.skip" message="Agent does not support streaming"><zeroclaw-workspace>/.context/standards/tools/a2a-tck/tests/compatibility/jsonrpc/test_sse_streaming.py:191: Agent does not support streaming</skipped></testcase><testcase classname="tests.compatibility.jsonrpc.test_sse_streaming.TestSseSubscribeToTask" name="test_subscribe_first_event_is_task" time="0.433"><skipped type="pytest.skip" message="Agent does not support streaming"><zeroclaw-workspace>/.context/standards/tools/a2a-tck/tests/compatibility/jsonrpc/test_sse_streaming.py:226: Agent does not support streaming</skipped></testcase></testsuite></testsuites>